SF:/Users/aidansgarlato/Programing/Rust/BigBits/src/bit_nums/bitint.rs
FN:37,_RNvMNtNtCsjI26GlMff0c_8big_bits8bit_nums6bitintNtB2_6BitInt3one
FN:26,_RNvMNtNtCsjI26GlMff0c_8big_bits8bit_nums6bitintNtB2_6BitInt4make
FN:30,_RNvMNtNtCsjI26GlMff0c_8big_bits8bit_nums6bitintNtB2_6BitInt4zero
FN:50,_RNvMNtNtCsjI26GlMff0c_8big_bits8bit_nums6bitintNtB2_6BitInt7abs_mutB6_
FN:55,_RNvMNtNtCsjI26GlMff0c_8big_bits8bit_nums6bitintNtB2_6BitInt7is_zeroB6_
FN:45,_RNvMNtNtCsjI26GlMff0c_8big_bits8bit_nums6bitintNtB2_6BitInt7neg_mutB6_
FN:17,_RNvMNtNtCsjI26GlMff0c_8big_bits8bit_nums6bitintNtB2_6BitInt8get_dataB6_
FN:22,_RNvMNtNtCsjI26GlMff0c_8big_bits8bit_nums6bitintNtB2_6BitInt8get_signB6_
FN:694,_RNvNtNtCsjI26GlMff0c_8big_bits8bit_nums6bitint10div_rem_bi
FN:267,_RNvNtNtCsjI26GlMff0c_8big_bits8bit_nums6bitint7add_sub
FN:791,_RNvXININtNtCsjI26GlMff0c_8big_bits8bit_nums6bitints12_0pEpINtNtB7_6traits6DivRemNtB5_6BitIntE7div_remB9_
FN:805,_RNvXININtNtCsjI26GlMff0c_8big_bits8bit_nums6bitints13_0pEpINtNtB7_6traits6DivRemRNtB5_6BitIntE7div_remB9_
FN:818,_RNvXININtNtCsjI26GlMff0c_8big_bits8bit_nums6bitints14_0pENtB5_6BitIntINtNtNtCskzPJi2J8k3N_4core3ops5arith3DivpE3divB9_
FN:828,_RNvXININtNtCsjI26GlMff0c_8big_bits8bit_nums6bitints15_0pERNtB5_6BitIntINtNtNtCskzPJi2J8k3N_4core3ops5arith3DivpE3divB9_
FN:838,_RNvXININtNtCsjI26GlMff0c_8big_bits8bit_nums6bitints16_0pENtB5_6BitIntINtNtNtCskzPJi2J8k3N_4core3ops5arith3RempE3remB9_
FN:848,_RNvXININtNtCsjI26GlMff0c_8big_bits8bit_nums6bitints17_0pERNtB5_6BitIntINtNtNtCskzPJi2J8k3N_4core3ops5arith3RempE3remB9_
FN:859,_RNvXININtNtCsjI26GlMff0c_8big_bits8bit_nums6bitints18_0pENtB5_6BitIntINtNtNtCskzPJi2J8k3N_4core3ops5arith9DivAssignpE10div_assignB9_
FN:868,_RNvXININtNtCsjI26GlMff0c_8big_bits8bit_nums6bitints19_0pENtB5_6BitIntINtNtNtCskzPJi2J8k3N_4core3ops5arith9RemAssignpE10rem_assignB9_
FN:228,_RNvXININtNtCsjI26GlMff0c_8big_bits8bit_nums6bitints9_0pENtB5_6BitIntINtNtCskzPJi2J8k3N_4core3cmp9PartialEqpE2eqB9_
FN:61,_RNvXININtNtCsjI26GlMff0c_8big_bits8bit_nums6bitints_0pENtB5_6BitIntINtNtCskzPJi2J8k3N_4core7convert4FrompE4fromB9_
FN:246,_RNvXININtNtCsjI26GlMff0c_8big_bits8bit_nums6bitintsb_0pENtB5_6BitIntINtNtCskzPJi2J8k3N_4core3cmp10PartialOrdpE11partial_cmpB9_
FN:322,_RNvXININtNtCsjI26GlMff0c_8big_bits8bit_nums6bitintsi_0pENtB5_6BitIntINtNtNtCskzPJi2J8k3N_4core3ops5arith3AddpE3addB9_
FN:331,_RNvXININtNtCsjI26GlMff0c_8big_bits8bit_nums6bitintsj_0pERNtB5_6BitIntINtNtNtCskzPJi2J8k3N_4core3ops5arith3AddpE3addB9_
FN:365,_RNvXININtNtCsjI26GlMff0c_8big_bits8bit_nums6bitintso_0pENtB5_6BitIntINtNtNtCskzPJi2J8k3N_4core3ops5arith9AddAssignpE10add_assignB9_
FN:430,_RNvXININtNtCsjI26GlMff0c_8big_bits8bit_nums6bitintsv_0pENtB5_6BitIntINtNtNtCskzPJi2J8k3N_4core3ops5arith3SubpE3subB9_
FN:439,_RNvXININtNtCsjI26GlMff0c_8big_bits8bit_nums6bitintsw_0pERNtB5_6BitIntINtNtNtCskzPJi2J8k3N_4core3ops5arith3SubpE3subB9_
FN:461,_RNvXININtNtCsjI26GlMff0c_8big_bits8bit_nums6bitintsz_0pENtB5_6BitIntINtNtNtCskzPJi2J8k3N_4core3ops5arith9SubAssignpE10sub_assignB9_
FN:71,_RNvXs0_NtNtCsjI26GlMff0c_8big_bits8bit_nums6bitintnINtNtCskzPJi2J8k3N_4core7convert7TryFromNtB5_6BitIntE8try_from
FN:766,_RNvXs10_NtNtCsjI26GlMff0c_8big_bits8bit_nums6bitintNtB6_6BitIntINtNtB8_6traits6DivRemxE7div_rem
FN:777,_RNvXs11_NtNtCsjI26GlMff0c_8big_bits8bit_nums6bitintRNtB6_6BitIntINtNtB8_6traits6DivRemxE7div_rem
FN:80,_RNvXs1_NtNtCsjI26GlMff0c_8big_bits8bit_nums6bitintnINtNtCskzPJi2J8k3N_4core7convert7TryFromRNtB5_6BitIntE8try_from
FN:875,_RNvXs1a_NtNtCsjI26GlMff0c_8big_bits8bit_nums6bitintNtB6_6BitIntINtNtB8_6traits4PowIjE4powi
FN:886,_RNvXs1b_NtNtCsjI26GlMff0c_8big_bits8bit_nums6bitintNtB6_6BitIntNtNtB8_6traits4LogI10ilog2pow64
FN:901,_RNvXs1b_NtNtCsjI26GlMff0c_8big_bits8bit_nums6bitintNtB6_6BitIntNtNtB8_6traits4LogI4ilog
FN:896,_RNvXs1b_NtNtCsjI26GlMff0c_8big_bits8bit_nums6bitintNtB6_6BitIntNtNtB8_6traits4LogI5ilog2
FN:89,_RNvXs2_NtNtCsjI26GlMff0c_8big_bits8bit_nums6bitintxINtNtCskzPJi2J8k3N_4core7convert7TryFromNtB5_6BitIntE8try_from
FN:100,_RNvXs3_NtNtCsjI26GlMff0c_8big_bits8bit_nums6bitintxINtNtCskzPJi2J8k3N_4core7convert7TryFromRNtB5_6BitIntE8try_from
FN:112,_RNvXs4_NtNtCsjI26GlMff0c_8big_bits8bit_nums6bitintNtB5_6BitIntNtNtB7_6traits3Abs12unsigned_abs
FN:115,_RNvXs4_NtNtCsjI26GlMff0c_8big_bits8bit_nums6bitintNtB5_6BitIntNtNtB7_6traits3Abs3abs
FN:126,_RNvXs5_NtNtCsjI26GlMff0c_8big_bits8bit_nums6bitintRNtB5_6BitIntNtNtB7_6traits3Abs12unsigned_abs
FN:129,_RNvXs5_NtNtCsjI26GlMff0c_8big_bits8bit_nums6bitintRNtB5_6BitIntNtNtB7_6traits3Abs3abs
FN:139,_RNvXs6_NtNtCsjI26GlMff0c_8big_bits8bit_nums6bitintNtB5_6BitIntNtNtNtCskzPJi2J8k3N_4core3str6traits7FromStr8from_str
FN:185,_RNvXs7_NtNtCsjI26GlMff0c_8big_bits8bit_nums6bitintNtB5_6BitIntNtNtCskzPJi2J8k3N_4core3fmt7Display3fmt
FN:219,_RNvXs8_NtNtCsjI26GlMff0c_8big_bits8bit_nums6bitintNtB5_6BitIntNtNtCskzPJi2J8k3N_4core3cmp9PartialEq2eq
FN:468,_RNvXsA_NtNtCsjI26GlMff0c_8big_bits8bit_nums6bitintNtB5_6BitIntNtNtNtCskzPJi2J8k3N_4core3ops5arith3Mul3mul
FN:482,_RNvXsB_NtNtCsjI26GlMff0c_8big_bits8bit_nums6bitintRNtB5_6BitIntNtNtNtCskzPJi2J8k3N_4core3ops5arith3Mul3mul
FN:496,_RNvXsC_NtNtCsjI26GlMff0c_8big_bits8bit_nums6bitintNtB5_6BitIntINtNtNtCskzPJi2J8k3N_4core3ops5arith3MulRBM_E3mul
FN:510,_RNvXsD_NtNtCsjI26GlMff0c_8big_bits8bit_nums6bitintRNtB5_6BitIntINtNtNtCskzPJi2J8k3N_4core3ops5arith3MulBN_E3mul
FN:524,_RNvXsE_NtNtCsjI26GlMff0c_8big_bits8bit_nums6bitintNtB5_6BitIntINtNtNtCskzPJi2J8k3N_4core3ops5arith3MulnE3mul
FN:535,_RNvXsF_NtNtCsjI26GlMff0c_8big_bits8bit_nums6bitintRNtB5_6BitIntINtNtNtCskzPJi2J8k3N_4core3ops5arith3MulnE3mul
FN:546,_RNvXsG_NtNtCsjI26GlMff0c_8big_bits8bit_nums6bitintNtB5_6BitIntINtNtNtCskzPJi2J8k3N_4core3ops5arith3MulxE3mul
FN:559,_RNvXsH_NtNtCsjI26GlMff0c_8big_bits8bit_nums6bitintRNtB5_6BitIntINtNtNtCskzPJi2J8k3N_4core3ops5arith3MulxE3mul
FN:573,_RNvXsI_NtNtCsjI26GlMff0c_8big_bits8bit_nums6bitintNtB5_6BitIntNtNtNtCskzPJi2J8k3N_4core3ops5arith9MulAssign10mul_assign
FN:579,_RNvXsJ_NtNtCsjI26GlMff0c_8big_bits8bit_nums6bitintNtB5_6BitIntINtNtNtCskzPJi2J8k3N_4core3ops5arith9MulAssignRBM_E10mul_assign
FN:585,_RNvXsK_NtNtCsjI26GlMff0c_8big_bits8bit_nums6bitintNtB5_6BitIntINtNtNtCskzPJi2J8k3N_4core3ops5arith9MulAssignnE10mul_assign
FN:595,_RNvXsL_NtNtCsjI26GlMff0c_8big_bits8bit_nums6bitintNtB5_6BitIntINtNtNtCskzPJi2J8k3N_4core3ops5arith9MulAssignoE10mul_assign
FN:604,_RNvXsM_NtNtCsjI26GlMff0c_8big_bits8bit_nums6bitintNtB5_6BitIntINtNtNtCskzPJi2J8k3N_4core3ops5arith9MulAssignxE10mul_assign
FN:613,_RNvXsN_NtNtCsjI26GlMff0c_8big_bits8bit_nums6bitintNtB5_6BitIntNtNtB7_6traits3Sqr3sqr
FN:624,_RNvXsO_NtNtCsjI26GlMff0c_8big_bits8bit_nums6bitintNtB5_6BitIntINtNtNtCskzPJi2J8k3N_4core3ops3bit3ShljE3shl
FN:639,_RNvXsP_NtNtCsjI26GlMff0c_8big_bits8bit_nums6bitintRNtB5_6BitIntINtNtNtCskzPJi2J8k3N_4core3ops3bit3ShljE3shl
FN:653,_RNvXsQ_NtNtCsjI26GlMff0c_8big_bits8bit_nums6bitintNtB5_6BitIntINtNtNtCskzPJi2J8k3N_4core3ops3bit9ShlAssignjE10shl_assign
FN:666,_RNvXsR_NtNtCsjI26GlMff0c_8big_bits8bit_nums6bitintNtB5_6BitIntINtNtNtCskzPJi2J8k3N_4core3ops3bit3ShrjE3shr
FN:677,_RNvXsS_NtNtCsjI26GlMff0c_8big_bits8bit_nums6bitintRNtB5_6BitIntINtNtNtCskzPJi2J8k3N_4core3ops3bit3ShrjE3shr
FN:687,_RNvXsT_NtNtCsjI26GlMff0c_8big_bits8bit_nums6bitintNtB5_6BitIntINtNtNtCskzPJi2J8k3N_4core3ops3bit9ShrAssignjE10shr_assign
FN:710,_RNvXsU_NtNtCsjI26GlMff0c_8big_bits8bit_nums6bitintNtB5_6BitIntNtNtB7_6traits6DivRem7div_rem
FN:719,_RNvXsV_NtNtCsjI26GlMff0c_8big_bits8bit_nums6bitintRNtB5_6BitIntNtNtB7_6traits6DivRem7div_rem
FN:728,_RNvXsW_NtNtCsjI26GlMff0c_8big_bits8bit_nums6bitintNtB5_6BitIntINtNtB7_6traits6DivRemRBM_E7div_rem
FN:737,_RNvXsX_NtNtCsjI26GlMff0c_8big_bits8bit_nums6bitintRNtB5_6BitIntINtNtB7_6traits6DivRemBN_E7div_rem
FN:746,_RNvXsY_NtNtCsjI26GlMff0c_8big_bits8bit_nums6bitintNtB5_6BitIntINtNtB7_6traits6DivRemnE7div_rem
FN:756,_RNvXsZ_NtNtCsjI26GlMff0c_8big_bits8bit_nums6bitintRNtB5_6BitIntINtNtB7_6traits6DivRemnE7div_rem
FN:237,_RNvXsa_NtNtCsjI26GlMff0c_8big_bits8bit_nums6bitintNtB5_6BitIntNtNtCskzPJi2J8k3N_4core3cmp10PartialOrd11partial_cmp
FN:262,_RNvXsd_NtNtCsjI26GlMff0c_8big_bits8bit_nums6bitintNtB5_6BitIntNtNtCskzPJi2J8k3N_4core3cmp3Ord3cmp
FN:286,_RNvXse_NtNtCsjI26GlMff0c_8big_bits8bit_nums6bitintNtB5_6BitIntNtNtNtCskzPJi2J8k3N_4core3ops5arith3Add3add
FN:295,_RNvXsf_NtNtCsjI26GlMff0c_8big_bits8bit_nums6bitintRNtB5_6BitIntNtNtNtCskzPJi2J8k3N_4core3ops5arith3Add3add
FN:304,_RNvXsg_NtNtCsjI26GlMff0c_8big_bits8bit_nums6bitintNtB5_6BitIntINtNtNtCskzPJi2J8k3N_4core3ops5arith3AddRBM_E3add
FN:313,_RNvXsh_NtNtCsjI26GlMff0c_8big_bits8bit_nums6bitintRNtB5_6BitIntINtNtNtCskzPJi2J8k3N_4core3ops5arith3AddBN_E3add
FN:341,_RNvXsk_NtNtCsjI26GlMff0c_8big_bits8bit_nums6bitintNtB5_6BitIntNtNtNtCskzPJi2J8k3N_4core3ops5arith9AddAssign10add_assign
FN:347,_RNvXsl_NtNtCsjI26GlMff0c_8big_bits8bit_nums6bitintNtB5_6BitIntINtNtNtCskzPJi2J8k3N_4core3ops5arith9AddAssignRBM_E10add_assign
FN:353,_RNvXsm_NtNtCsjI26GlMff0c_8big_bits8bit_nums6bitintNtB5_6BitIntINtNtNtCskzPJi2J8k3N_4core3ops5arith9AddAssignNtNtB7_7ubitint7UBitIntE10add_assign
FN:359,_RNvXsn_NtNtCsjI26GlMff0c_8big_bits8bit_nums6bitintNtB5_6BitIntINtNtNtCskzPJi2J8k3N_4core3ops5arith9AddAssignRNtNtB7_7ubitint7UBitIntE10add_assign
FN:373,_RNvXsp_NtNtCsjI26GlMff0c_8big_bits8bit_nums6bitintNtB5_6BitIntNtNtNtCskzPJi2J8k3N_4core3ops5arith3Neg3neg
FN:384,_RNvXsq_NtNtCsjI26GlMff0c_8big_bits8bit_nums6bitintRNtB5_6BitIntNtNtNtCskzPJi2J8k3N_4core3ops5arith3Neg3neg
FN:394,_RNvXsr_NtNtCsjI26GlMff0c_8big_bits8bit_nums6bitintNtB5_6BitIntNtNtNtCskzPJi2J8k3N_4core3ops5arith3Sub3sub
FN:403,_RNvXss_NtNtCsjI26GlMff0c_8big_bits8bit_nums6bitintRNtB5_6BitIntNtNtNtCskzPJi2J8k3N_4core3ops5arith3Sub3sub
FN:412,_RNvXst_NtNtCsjI26GlMff0c_8big_bits8bit_nums6bitintNtB5_6BitIntINtNtNtCskzPJi2J8k3N_4core3ops5arith3SubRBM_E3sub
FN:421,_RNvXsu_NtNtCsjI26GlMff0c_8big_bits8bit_nums6bitintRNtB5_6BitIntINtNtNtCskzPJi2J8k3N_4core3ops5arith3SubBN_E3sub
FN:449,_RNvXsx_NtNtCsjI26GlMff0c_8big_bits8bit_nums6bitintNtB5_6BitIntNtNtNtCskzPJi2J8k3N_4core3ops5arith9SubAssign10sub_assign
FN:455,_RNvXsy_NtNtCsjI26GlMff0c_8big_bits8bit_nums6bitintNtB5_6BitIntINtNtNtCskzPJi2J8k3N_4core3ops5arith9SubAssignRBM_E10sub_assign
FNDA:0,_RNvMNtNtCsjI26GlMff0c_8big_bits8bit_nums6bitintNtB2_6BitInt3one
FNDA:0,_RNvMNtNtCsjI26GlMff0c_8big_bits8bit_nums6bitintNtB2_6BitInt4make
FNDA:0,_RNvMNtNtCsjI26GlMff0c_8big_bits8bit_nums6bitintNtB2_6BitInt4zero
FNDA:0,_RNvMNtNtCsjI26GlMff0c_8big_bits8bit_nums6bitintNtB2_6BitInt7abs_mutB6_
FNDA:0,_RNvMNtNtCsjI26GlMff0c_8big_bits8bit_nums6bitintNtB2_6BitInt7is_zeroB6_
FNDA:0,_RNvMNtNtCsjI26GlMff0c_8big_bits8bit_nums6bitintNtB2_6BitInt7neg_mutB6_
FNDA:0,_RNvMNtNtCsjI26GlMff0c_8big_bits8bit_nums6bitintNtB2_6BitInt8get_dataB6_
FNDA:0,_RNvMNtNtCsjI26GlMff0c_8big_bits8bit_nums6bitintNtB2_6BitInt8get_signB6_
FNDA:0,_RNvNtNtCsjI26GlMff0c_8big_bits8bit_nums6bitint10div_rem_bi
FNDA:0,_RNvNtNtCsjI26GlMff0c_8big_bits8bit_nums6bitint7add_sub
FNDA:0,_RNvXININtNtCsjI26GlMff0c_8big_bits8bit_nums6bitints12_0pEpINtNtB7_6traits6DivRemNtB5_6BitIntE7div_remB9_
FNDA:0,_RNvXININtNtCsjI26GlMff0c_8big_bits8bit_nums6bitints13_0pEpINtNtB7_6traits6DivRemRNtB5_6BitIntE7div_remB9_
FNDA:0,_RNvXININtNtCsjI26GlMff0c_8big_bits8bit_nums6bitints14_0pENtB5_6BitIntINtNtNtCskzPJi2J8k3N_4core3ops5arith3DivpE3divB9_
FNDA:0,_RNvXININtNtCsjI26GlMff0c_8big_bits8bit_nums6bitints15_0pERNtB5_6BitIntINtNtNtCskzPJi2J8k3N_4core3ops5arith3DivpE3divB9_
FNDA:0,_RNvXININtNtCsjI26GlMff0c_8big_bits8bit_nums6bitints16_0pENtB5_6BitIntINtNtNtCskzPJi2J8k3N_4core3ops5arith3RempE3remB9_
FNDA:0,_RNvXININtNtCsjI26GlMff0c_8big_bits8bit_nums6bitints17_0pERNtB5_6BitIntINtNtNtCskzPJi2J8k3N_4core3ops5arith3RempE3remB9_
FNDA:0,_RNvXININtNtCsjI26GlMff0c_8big_bits8bit_nums6bitints18_0pENtB5_6BitIntINtNtNtCskzPJi2J8k3N_4core3ops5arith9DivAssignpE10div_assignB9_
FNDA:0,_RNvXININtNtCsjI26GlMff0c_8big_bits8bit_nums6bitints19_0pENtB5_6BitIntINtNtNtCskzPJi2J8k3N_4core3ops5arith9RemAssignpE10rem_assignB9_
FNDA:0,_RNvXININtNtCsjI26GlMff0c_8big_bits8bit_nums6bitints9_0pENtB5_6BitIntINtNtCskzPJi2J8k3N_4core3cmp9PartialEqpE2eqB9_
FNDA:0,_RNvXININtNtCsjI26GlMff0c_8big_bits8bit_nums6bitints_0pENtB5_6BitIntINtNtCskzPJi2J8k3N_4core7convert4FrompE4fromB9_
FNDA:0,_RNvXININtNtCsjI26GlMff0c_8big_bits8bit_nums6bitintsb_0pENtB5_6BitIntINtNtCskzPJi2J8k3N_4core3cmp10PartialOrdpE11partial_cmpB9_
FNDA:0,_RNvXININtNtCsjI26GlMff0c_8big_bits8bit_nums6bitintsi_0pENtB5_6BitIntINtNtNtCskzPJi2J8k3N_4core3ops5arith3AddpE3addB9_
FNDA:0,_RNvXININtNtCsjI26GlMff0c_8big_bits8bit_nums6bitintsj_0pERNtB5_6BitIntINtNtNtCskzPJi2J8k3N_4core3ops5arith3AddpE3addB9_
FNDA:0,_RNvXININtNtCsjI26GlMff0c_8big_bits8bit_nums6bitintso_0pENtB5_6BitIntINtNtNtCskzPJi2J8k3N_4core3ops5arith9AddAssignpE10add_assignB9_
FNDA:0,_RNvXININtNtCsjI26GlMff0c_8big_bits8bit_nums6bitintsv_0pENtB5_6BitIntINtNtNtCskzPJi2J8k3N_4core3ops5arith3SubpE3subB9_
FNDA:0,_RNvXININtNtCsjI26GlMff0c_8big_bits8bit_nums6bitintsw_0pERNtB5_6BitIntINtNtNtCskzPJi2J8k3N_4core3ops5arith3SubpE3subB9_
FNDA:0,_RNvXININtNtCsjI26GlMff0c_8big_bits8bit_nums6bitintsz_0pENtB5_6BitIntINtNtNtCskzPJi2J8k3N_4core3ops5arith9SubAssignpE10sub_assignB9_
FNDA:0,_RNvXs0_NtNtCsjI26GlMff0c_8big_bits8bit_nums6bitintnINtNtCskzPJi2J8k3N_4core7convert7TryFromNtB5_6BitIntE8try_from
FNDA:0,_RNvXs10_NtNtCsjI26GlMff0c_8big_bits8bit_nums6bitintNtB6_6BitIntINtNtB8_6traits6DivRemxE7div_rem
FNDA:0,_RNvXs11_NtNtCsjI26GlMff0c_8big_bits8bit_nums6bitintRNtB6_6BitIntINtNtB8_6traits6DivRemxE7div_rem
FNDA:0,_RNvXs1_NtNtCsjI26GlMff0c_8big_bits8bit_nums6bitintnINtNtCskzPJi2J8k3N_4core7convert7TryFromRNtB5_6BitIntE8try_from
FNDA:0,_RNvXs1a_NtNtCsjI26GlMff0c_8big_bits8bit_nums6bitintNtB6_6BitIntINtNtB8_6traits4PowIjE4powi
FNDA:0,_RNvXs1b_NtNtCsjI26GlMff0c_8big_bits8bit_nums6bitintNtB6_6BitIntNtNtB8_6traits4LogI10ilog2pow64
FNDA:0,_RNvXs1b_NtNtCsjI26GlMff0c_8big_bits8bit_nums6bitintNtB6_6BitIntNtNtB8_6traits4LogI4ilog
FNDA:0,_RNvXs1b_NtNtCsjI26GlMff0c_8big_bits8bit_nums6bitintNtB6_6BitIntNtNtB8_6traits4LogI5ilog2
FNDA:0,_RNvXs2_NtNtCsjI26GlMff0c_8big_bits8bit_nums6bitintxINtNtCskzPJi2J8k3N_4core7convert7TryFromNtB5_6BitIntE8try_from
FNDA:0,_RNvXs3_NtNtCsjI26GlMff0c_8big_bits8bit_nums6bitintxINtNtCskzPJi2J8k3N_4core7convert7TryFromRNtB5_6BitIntE8try_from
FNDA:0,_RNvXs4_NtNtCsjI26GlMff0c_8big_bits8bit_nums6bitintNtB5_6BitIntNtNtB7_6traits3Abs12unsigned_abs
FNDA:0,_RNvXs4_NtNtCsjI26GlMff0c_8big_bits8bit_nums6bitintNtB5_6BitIntNtNtB7_6traits3Abs3abs
FNDA:0,_RNvXs5_NtNtCsjI26GlMff0c_8big_bits8bit_nums6bitintRNtB5_6BitIntNtNtB7_6traits3Abs12unsigned_abs
FNDA:0,_RNvXs5_NtNtCsjI26GlMff0c_8big_bits8bit_nums6bitintRNtB5_6BitIntNtNtB7_6traits3Abs3abs
FNDA:0,_RNvXs6_NtNtCsjI26GlMff0c_8big_bits8bit_nums6bitintNtB5_6BitIntNtNtNtCskzPJi2J8k3N_4core3str6traits7FromStr8from_str
FNDA:0,_RNvXs7_NtNtCsjI26GlMff0c_8big_bits8bit_nums6bitintNtB5_6BitIntNtNtCskzPJi2J8k3N_4core3fmt7Display3fmt
FNDA:0,_RNvXs8_NtNtCsjI26GlMff0c_8big_bits8bit_nums6bitintNtB5_6BitIntNtNtCskzPJi2J8k3N_4core3cmp9PartialEq2eq
FNDA:0,_RNvXsA_NtNtCsjI26GlMff0c_8big_bits8bit_nums6bitintNtB5_6BitIntNtNtNtCskzPJi2J8k3N_4core3ops5arith3Mul3mul
FNDA:0,_RNvXsB_NtNtCsjI26GlMff0c_8big_bits8bit_nums6bitintRNtB5_6BitIntNtNtNtCskzPJi2J8k3N_4core3ops5arith3Mul3mul
FNDA:0,_RNvXsC_NtNtCsjI26GlMff0c_8big_bits8bit_nums6bitintNtB5_6BitIntINtNtNtCskzPJi2J8k3N_4core3ops5arith3MulRBM_E3mul
FNDA:0,_RNvXsD_NtNtCsjI26GlMff0c_8big_bits8bit_nums6bitintRNtB5_6BitIntINtNtNtCskzPJi2J8k3N_4core3ops5arith3MulBN_E3mul
FNDA:0,_RNvXsE_NtNtCsjI26GlMff0c_8big_bits8bit_nums6bitintNtB5_6BitIntINtNtNtCskzPJi2J8k3N_4core3ops5arith3MulnE3mul
FNDA:0,_RNvXsF_NtNtCsjI26GlMff0c_8big_bits8bit_nums6bitintRNtB5_6BitIntINtNtNtCskzPJi2J8k3N_4core3ops5arith3MulnE3mul
FNDA:0,_RNvXsG_NtNtCsjI26GlMff0c_8big_bits8bit_nums6bitintNtB5_6BitIntINtNtNtCskzPJi2J8k3N_4core3ops5arith3MulxE3mul
FNDA:0,_RNvXsH_NtNtCsjI26GlMff0c_8big_bits8bit_nums6bitintRNtB5_6BitIntINtNtNtCskzPJi2J8k3N_4core3ops5arith3MulxE3mul
FNDA:0,_RNvXsI_NtNtCsjI26GlMff0c_8big_bits8bit_nums6bitintNtB5_6BitIntNtNtNtCskzPJi2J8k3N_4core3ops5arith9MulAssign10mul_assign
FNDA:0,_RNvXsJ_NtNtCsjI26GlMff0c_8big_bits8bit_nums6bitintNtB5_6BitIntINtNtNtCskzPJi2J8k3N_4core3ops5arith9MulAssignRBM_E10mul_assign
FNDA:0,_RNvXsK_NtNtCsjI26GlMff0c_8big_bits8bit_nums6bitintNtB5_6BitIntINtNtNtCskzPJi2J8k3N_4core3ops5arith9MulAssignnE10mul_assign
FNDA:0,_RNvXsL_NtNtCsjI26GlMff0c_8big_bits8bit_nums6bitintNtB5_6BitIntINtNtNtCskzPJi2J8k3N_4core3ops5arith9MulAssignoE10mul_assign
FNDA:0,_RNvXsM_NtNtCsjI26GlMff0c_8big_bits8bit_nums6bitintNtB5_6BitIntINtNtNtCskzPJi2J8k3N_4core3ops5arith9MulAssignxE10mul_assign
FNDA:0,_RNvXsN_NtNtCsjI26GlMff0c_8big_bits8bit_nums6bitintNtB5_6BitIntNtNtB7_6traits3Sqr3sqr
FNDA:0,_RNvXsO_NtNtCsjI26GlMff0c_8big_bits8bit_nums6bitintNtB5_6BitIntINtNtNtCskzPJi2J8k3N_4core3ops3bit3ShljE3shl
FNDA:0,_RNvXsP_NtNtCsjI26GlMff0c_8big_bits8bit_nums6bitintRNtB5_6BitIntINtNtNtCskzPJi2J8k3N_4core3ops3bit3ShljE3shl
FNDA:0,_RNvXsQ_NtNtCsjI26GlMff0c_8big_bits8bit_nums6bitintNtB5_6BitIntINtNtNtCskzPJi2J8k3N_4core3ops3bit9ShlAssignjE10shl_assign
FNDA:0,_RNvXsR_NtNtCsjI26GlMff0c_8big_bits8bit_nums6bitintNtB5_6BitIntINtNtNtCskzPJi2J8k3N_4core3ops3bit3ShrjE3shr
FNDA:0,_RNvXsS_NtNtCsjI26GlMff0c_8big_bits8bit_nums6bitintRNtB5_6BitIntINtNtNtCskzPJi2J8k3N_4core3ops3bit3ShrjE3shr
FNDA:0,_RNvXsT_NtNtCsjI26GlMff0c_8big_bits8bit_nums6bitintNtB5_6BitIntINtNtNtCskzPJi2J8k3N_4core3ops3bit9ShrAssignjE10shr_assign
FNDA:0,_RNvXsU_NtNtCsjI26GlMff0c_8big_bits8bit_nums6bitintNtB5_6BitIntNtNtB7_6traits6DivRem7div_rem
FNDA:0,_RNvXsV_NtNtCsjI26GlMff0c_8big_bits8bit_nums6bitintRNtB5_6BitIntNtNtB7_6traits6DivRem7div_rem
FNDA:0,_RNvXsW_NtNtCsjI26GlMff0c_8big_bits8bit_nums6bitintNtB5_6BitIntINtNtB7_6traits6DivRemRBM_E7div_rem
FNDA:0,_RNvXsX_NtNtCsjI26GlMff0c_8big_bits8bit_nums6bitintRNtB5_6BitIntINtNtB7_6traits6DivRemBN_E7div_rem
FNDA:0,_RNvXsY_NtNtCsjI26GlMff0c_8big_bits8bit_nums6bitintNtB5_6BitIntINtNtB7_6traits6DivRemnE7div_rem
FNDA:0,_RNvXsZ_NtNtCsjI26GlMff0c_8big_bits8bit_nums6bitintRNtB5_6BitIntINtNtB7_6traits6DivRemnE7div_rem
FNDA:0,_RNvXsa_NtNtCsjI26GlMff0c_8big_bits8bit_nums6bitintNtB5_6BitIntNtNtCskzPJi2J8k3N_4core3cmp10PartialOrd11partial_cmp
FNDA:0,_RNvXsd_NtNtCsjI26GlMff0c_8big_bits8bit_nums6bitintNtB5_6BitIntNtNtCskzPJi2J8k3N_4core3cmp3Ord3cmp
FNDA:0,_RNvXse_NtNtCsjI26GlMff0c_8big_bits8bit_nums6bitintNtB5_6BitIntNtNtNtCskzPJi2J8k3N_4core3ops5arith3Add3add
FNDA:0,_RNvXsf_NtNtCsjI26GlMff0c_8big_bits8bit_nums6bitintRNtB5_6BitIntNtNtNtCskzPJi2J8k3N_4core3ops5arith3Add3add
FNDA:0,_RNvXsg_NtNtCsjI26GlMff0c_8big_bits8bit_nums6bitintNtB5_6BitIntINtNtNtCskzPJi2J8k3N_4core3ops5arith3AddRBM_E3add
FNDA:0,_RNvXsh_NtNtCsjI26GlMff0c_8big_bits8bit_nums6bitintRNtB5_6BitIntINtNtNtCskzPJi2J8k3N_4core3ops5arith3AddBN_E3add
FNDA:0,_RNvXsk_NtNtCsjI26GlMff0c_8big_bits8bit_nums6bitintNtB5_6BitIntNtNtNtCskzPJi2J8k3N_4core3ops5arith9AddAssign10add_assign
FNDA:0,_RNvXsl_NtNtCsjI26GlMff0c_8big_bits8bit_nums6bitintNtB5_6BitIntINtNtNtCskzPJi2J8k3N_4core3ops5arith9AddAssignRBM_E10add_assign
FNDA:0,_RNvXsm_NtNtCsjI26GlMff0c_8big_bits8bit_nums6bitintNtB5_6BitIntINtNtNtCskzPJi2J8k3N_4core3ops5arith9AddAssignNtNtB7_7ubitint7UBitIntE10add_assign
FNDA:0,_RNvXsn_NtNtCsjI26GlMff0c_8big_bits8bit_nums6bitintNtB5_6BitIntINtNtNtCskzPJi2J8k3N_4core3ops5arith9AddAssignRNtNtB7_7ubitint7UBitIntE10add_assign
FNDA:0,_RNvXsp_NtNtCsjI26GlMff0c_8big_bits8bit_nums6bitintNtB5_6BitIntNtNtNtCskzPJi2J8k3N_4core3ops5arith3Neg3neg
FNDA:0,_RNvXsq_NtNtCsjI26GlMff0c_8big_bits8bit_nums6bitintRNtB5_6BitIntNtNtNtCskzPJi2J8k3N_4core3ops5arith3Neg3neg
FNDA:0,_RNvXsr_NtNtCsjI26GlMff0c_8big_bits8bit_nums6bitintNtB5_6BitIntNtNtNtCskzPJi2J8k3N_4core3ops5arith3Sub3sub
FNDA:0,_RNvXss_NtNtCsjI26GlMff0c_8big_bits8bit_nums6bitintRNtB5_6BitIntNtNtNtCskzPJi2J8k3N_4core3ops5arith3Sub3sub
FNDA:0,_RNvXst_NtNtCsjI26GlMff0c_8big_bits8bit_nums6bitintNtB5_6BitIntINtNtNtCskzPJi2J8k3N_4core3ops5arith3SubRBM_E3sub
FNDA:0,_RNvXsu_NtNtCsjI26GlMff0c_8big_bits8bit_nums6bitintRNtB5_6BitIntINtNtNtCskzPJi2J8k3N_4core3ops5arith3SubBN_E3sub
FNDA:0,_RNvXsx_NtNtCsjI26GlMff0c_8big_bits8bit_nums6bitintNtB5_6BitIntNtNtNtCskzPJi2J8k3N_4core3ops5arith9SubAssign10sub_assign
FNDA:0,_RNvXsy_NtNtCsjI26GlMff0c_8big_bits8bit_nums6bitintNtB5_6BitIntINtNtNtCskzPJi2J8k3N_4core3ops5arith9SubAssignRBM_E10sub_assign
FNF:88
FNH:0
DA:17,0
DA:18,0
DA:19,0
DA:22,0
DA:23,0
DA:24,0
DA:26,0
DA:27,0
DA:28,0
DA:30,0
DA:31,0
DA:32,0
DA:33,0
DA:34,0
DA:35,0
DA:37,0
DA:38,0
DA:39,0
DA:40,0
DA:41,0
DA:42,0
DA:45,0
DA:46,0
DA:47,0
DA:50,0
DA:51,0
DA:52,0
DA:55,0
DA:56,0
DA:57,0
DA:61,0
DA:62,0
DA:63,0
DA:64,0
DA:65,0
DA:66,0
DA:71,0
DA:72,0
DA:73,0
DA:74,0
DA:75,0
DA:80,0
DA:81,0
DA:82,0
DA:83,0
DA:84,0
DA:89,0
DA:90,0
DA:91,0
DA:92,0
DA:93,0
DA:94,0
DA:95,0
DA:100,0
DA:101,0
DA:102,0
DA:103,0
DA:104,0
DA:105,0
DA:106,0
DA:112,0
DA:113,0
DA:114,0
DA:115,0
DA:116,0
DA:117,0
DA:118,0
DA:119,0
DA:120,0
DA:126,0
DA:127,0
DA:128,0
DA:129,0
DA:130,0
DA:131,0
DA:132,0
DA:133,0
DA:134,0
DA:139,0
DA:143,0
DA:144,0
DA:146,0
DA:147,0
DA:148,0
DA:150,0
DA:153,0
DA:156,0
DA:157,0
DA:158,0
DA:159,0
DA:160,0
DA:161,0
DA:162,0
DA:164,0
DA:165,0
DA:166,0
DA:167,0
DA:168,0
DA:169,0
DA:171,0
DA:172,0
DA:173,0
DA:176,0
DA:177,0
DA:178,0
DA:180,0
DA:181,0
DA:185,0
DA:186,0
DA:187,0
DA:188,0
DA:193,0
DA:194,0
DA:196,0
DA:197,0
DA:198,0
DA:199,0
DA:200,0
DA:202,0
DA:203,0
DA:204,0
DA:206,0
DA:207,0
DA:208,0
DA:210,0
DA:211,0
DA:214,0
DA:215,0
DA:219,0
DA:220,0
DA:221,0
DA:222,0
DA:223,0
DA:224,0
DA:228,0
DA:229,0
DA:230,0
DA:231,0
DA:232,0
DA:233,0
DA:237,0
DA:238,0
DA:239,0
DA:240,0
DA:241,0
DA:242,0
DA:246,0
DA:247,0
DA:248,0
DA:249,0
DA:250,0
DA:251,0
DA:252,0
DA:253,0
DA:254,0
DA:262,0
DA:263,0
DA:264,0
DA:267,0
DA:268,0
DA:269,0
DA:270,0
DA:272,0
DA:273,0
DA:274,0
DA:275,0
DA:276,0
DA:278,0
DA:279,0
DA:280,0
DA:282,0
DA:286,0
DA:287,0
DA:288,0
DA:289,0
DA:290,0
DA:295,0
DA:296,0
DA:297,0
DA:298,0
DA:299,0
DA:304,0
DA:305,0
DA:306,0
DA:307,0
DA:308,0
DA:313,0
DA:314,0
DA:315,0
DA:316,0
DA:317,0
DA:322,0
DA:323,0
DA:324,0
DA:325,0
DA:326,0
DA:331,0
DA:332,0
DA:333,0
DA:334,0
DA:335,0
DA:341,0
DA:342,0
DA:343,0
DA:347,0
DA:348,0
DA:349,0
DA:353,0
DA:354,0
DA:355,0
DA:359,0
DA:360,0
DA:361,0
DA:365,0
DA:366,0
DA:367,0
DA:373,0
DA:374,0
DA:375,0
DA:376,0
DA:377,0
DA:378,0
DA:384,0
DA:385,0
DA:386,0
DA:387,0
DA:388,0
DA:389,0
DA:394,0
DA:395,0
DA:396,0
DA:397,0
DA:398,0
DA:403,0
DA:404,0
DA:405,0
DA:406,0
DA:407,0
DA:412,0
DA:413,0
DA:414,0
DA:415,0
DA:416,0
DA:421,0
DA:422,0
DA:423,0
DA:424,0
DA:425,0
DA:430,0
DA:431,0
DA:432,0
DA:433,0
DA:434,0
DA:439,0
DA:440,0
DA:441,0
DA:442,0
DA:443,0
DA:449,0
DA:450,0
DA:451,0
DA:455,0
DA:456,0
DA:457,0
DA:461,0
DA:462,0
DA:463,0
DA:468,0
DA:469,0
DA:470,0
DA:471,0
DA:472,0
DA:473,0
DA:474,0
DA:475,0
DA:476,0
DA:477,0
DA:482,0
DA:483,0
DA:484,0
DA:485,0
DA:486,0
DA:487,0
DA:488,0
DA:489,0
DA:490,0
DA:491,0
DA:496,0
DA:497,0
DA:498,0
DA:499,0
DA:500,0
DA:501,0
DA:502,0
DA:503,0
DA:504,0
DA:505,0
DA:510,0
DA:511,0
DA:512,0
DA:513,0
DA:514,0
DA:515,0
DA:516,0
DA:517,0
DA:518,0
DA:519,0
DA:524,0
DA:525,0
DA:526,0
DA:527,0
DA:528,0
DA:529,0
DA:530,0
DA:535,0
DA:536,0
DA:537,0
DA:538,0
DA:539,0
DA:540,0
DA:541,0
DA:546,0
DA:547,0
DA:548,0
DA:549,0
DA:550,0
DA:551,0
DA:552,0
DA:553,0
DA:554,0
DA:559,0
DA:560,0
DA:561,0
DA:562,0
DA:563,0
DA:564,0
DA:565,0
DA:566,0
DA:567,0
DA:573,0
DA:574,0
DA:575,0
DA:579,0
DA:580,0
DA:581,0
DA:585,0
DA:586,0
DA:587,0
DA:588,0
DA:589,0
DA:590,0
DA:591,0
DA:595,0
DA:596,0
DA:597,0
DA:598,0
DA:599,0
DA:600,0
DA:604,0
DA:605,0
DA:606,0
DA:607,0
DA:608,0
DA:609,0
DA:613,0
DA:614,0
DA:615,0
DA:616,0
DA:617,0
DA:618,0
DA:619,0
DA:624,0
DA:625,0
DA:626,0
DA:627,0
DA:628,0
DA:629,0
DA:630,0
DA:631,0
DA:632,0
DA:633,0
DA:634,0
DA:639,0
DA:640,0
DA:641,0
DA:642,0
DA:643,0
DA:644,0
DA:645,0
DA:646,0
DA:647,0
DA:648,0
DA:649,0
DA:653,0
DA:654,0
DA:655,0
DA:656,0
DA:657,0
DA:658,0
DA:659,0
DA:660,0
DA:661,0
DA:666,0
DA:667,0
DA:668,0
DA:669,0
DA:670,0
DA:671,0
DA:672,0
DA:677,0
DA:678,0
DA:679,0
DA:680,0
DA:681,0
DA:682,0
DA:683,0
DA:687,0
DA:688,0
DA:689,0
DA:690,0
DA:691,0
DA:694,0
DA:695,0
DA:696,0
DA:697,0
DA:698,0
DA:699,0
DA:700,0
DA:701,0
DA:702,0
DA:703,0
DA:704,0
DA:705,0
DA:710,0
DA:711,0
DA:712,0
DA:713,0
DA:719,0
DA:720,0
DA:721,0
DA:722,0
DA:728,0
DA:729,0
DA:730,0
DA:731,0
DA:737,0
DA:738,0
DA:739,0
DA:740,0
DA:746,0
DA:747,0
DA:748,0
DA:749,0
DA:750,0
DA:756,0
DA:757,0
DA:758,0
DA:759,0
DA:760,0
DA:766,0
DA:767,0
DA:768,0
DA:769,0
DA:770,0
DA:771,0
DA:777,0
DA:778,0
DA:779,0
DA:780,0
DA:781,0
DA:782,0
DA:791,0
DA:792,0
DA:793,0
DA:795,0
DA:796,0
DA:805,0
DA:806,0
DA:807,0
DA:809,0
DA:810,0
DA:818,0
DA:819,0
DA:820,0
DA:828,0
DA:829,0
DA:830,0
DA:838,0
DA:839,0
DA:840,0
DA:848,0
DA:849,0
DA:850,0
DA:859,0
DA:860,0
DA:861,0
DA:868,0
DA:869,0
DA:870,0
DA:875,0
DA:877,0
DA:878,0
DA:880,0
DA:886,0
DA:887,0
DA:888,0
DA:889,0
DA:891,0
DA:893,0
DA:894,0
DA:896,0
DA:897,0
DA:898,0
DA:899,0
DA:901,0
DA:902,0
DA:903,0
DA:904,0
DA:906,0
DA:907,0
DA:908,0
DA:909,0
DA:911,0
DA:912,0
BRF:0
BRH:0
LF:524
LH:0
end_of_record
SF:/Users/aidansgarlato/Programing/Rust/BigBits/src/bit_nums/bitint_static.rs
FN:240,_RINvNtNtCsjI26GlMff0c_8big_bits8bit_nums13bitint_static7add_subKpEB6_
FN:62,_RNCNvMNtNtCsjI26GlMff0c_8big_bits8bit_nums13bitint_staticINtB4_12BitIntStaticKpE7is_zero0B8_
FN:29,_RNvMNtNtCsjI26GlMff0c_8big_bits8bit_nums13bitint_staticINtB2_12BitIntStaticKpE4makeB6_
FN:61,_RNvMNtNtCsjI26GlMff0c_8big_bits8bit_nums13bitint_staticINtB2_12BitIntStaticKpE7is_zeroB6_
FN:56,_RNvMNtNtCsjI26GlMff0c_8big_bits8bit_nums13bitint_staticINtB2_12BitIntStaticKpE7mut_absB6_
FN:51,_RNvMNtNtCsjI26GlMff0c_8big_bits8bit_nums13bitint_staticINtB2_12BitIntStaticKpE7mut_negB6_
FN:19,_RNvMNtNtCsjI26GlMff0c_8big_bits8bit_nums13bitint_staticINtB2_12BitIntStaticKpE8get_dataB6_
FN:24,_RNvMNtNtCsjI26GlMff0c_8big_bits8bit_nums13bitint_staticINtB2_12BitIntStaticKpE8get_signB6_
FN:80,_RNvXININtNtCsjI26GlMff0c_8big_bits8bit_nums13bitint_statics0_0KpEnINtNtCskzPJi2J8k3N_4core7convert7TryFromINtB5_12BitIntStaticKpEE8try_fromB9_
FN:89,_RNvXININtNtCsjI26GlMff0c_8big_bits8bit_nums13bitint_statics1_0KpExINtNtCskzPJi2J8k3N_4core7convert7TryFromINtB5_12BitIntStaticKpEE8try_fromB9_
FN:101,_RNvXININtNtCsjI26GlMff0c_8big_bits8bit_nums13bitint_statics2_0KpEINtB5_12BitIntStaticKpENtNtB7_6traits3Abs12unsigned_absB9_
FN:104,_RNvXININtNtCsjI26GlMff0c_8big_bits8bit_nums13bitint_statics2_0KpEINtB5_12BitIntStaticKpENtNtB7_6traits3Abs3absB9_
FN:113,_RNvXININtNtCsjI26GlMff0c_8big_bits8bit_nums13bitint_statics3_0KpEINtB5_12BitIntStaticKpENtNtNtCskzPJi2J8k3N_4core3str6traits7FromStr8from_strB9_
FN:159,_RNvXININtNtCsjI26GlMff0c_8big_bits8bit_nums13bitint_statics4_0KpEINtB5_12BitIntStaticKpENtNtCskzPJi2J8k3N_4core3fmt7Display3fmtB9_
FN:193,_RNvXININtNtCsjI26GlMff0c_8big_bits8bit_nums13bitint_statics5_0KpEINtB5_12BitIntStaticKpENtNtCskzPJi2J8k3N_4core3cmp9PartialEq2eqB9_
FN:202,_RNvXININtNtCsjI26GlMff0c_8big_bits8bit_nums13bitint_statics6_0KppEINtB5_12BitIntStaticKpEINtNtCskzPJi2J8k3N_4core3cmp9PartialEqpE2eqB9_
FN:210,_RNvXININtNtCsjI26GlMff0c_8big_bits8bit_nums13bitint_statics7_0KpEINtB5_12BitIntStaticKpENtNtCskzPJi2J8k3N_4core3cmp10PartialOrd11partial_cmpB9_
FN:219,_RNvXININtNtCsjI26GlMff0c_8big_bits8bit_nums13bitint_statics8_0KppEINtB5_12BitIntStaticKpEINtNtCskzPJi2J8k3N_4core3cmp10PartialOrdpE11partial_cmpB9_
FN:526,_RNvXININtNtCsjI26GlMff0c_8big_bits8bit_nums13bitint_staticsA_0KppEpINtNtB7_6traits6DivRemINtB5_12BitIntStaticKpEE7div_remB9_
FN:539,_RNvXININtNtCsjI26GlMff0c_8big_bits8bit_nums13bitint_staticsB_0KppEINtB5_12BitIntStaticKpEINtNtNtCskzPJi2J8k3N_4core3ops5arith3DivpE3divB9_
FN:549,_RNvXININtNtCsjI26GlMff0c_8big_bits8bit_nums13bitint_staticsC_0KppEINtB5_12BitIntStaticKpEINtNtNtCskzPJi2J8k3N_4core3ops5arith3RempE3remB9_
FN:560,_RNvXININtNtCsjI26GlMff0c_8big_bits8bit_nums13bitint_staticsD_0KppEINtB5_12BitIntStaticKpEINtNtNtCskzPJi2J8k3N_4core3ops5arith9DivAssignpE10div_assignB9_
FN:567,_RNvXININtNtCsjI26GlMff0c_8big_bits8bit_nums13bitint_staticsE_0KpEINtB5_12BitIntStaticKpEINtNtB7_6traits4PowIjE4powiB9_
FN:578,_RNvXININtNtCsjI26GlMff0c_8big_bits8bit_nums13bitint_staticsF_0KpEINtB5_12BitIntStaticKpENtNtB7_6traits4LogI10ilog2pow64B9_
FN:591,_RNvXININtNtCsjI26GlMff0c_8big_bits8bit_nums13bitint_staticsF_0KpEINtB5_12BitIntStaticKpENtNtB7_6traits4LogI4ilogB9_
FN:586,_RNvXININtNtCsjI26GlMff0c_8big_bits8bit_nums13bitint_staticsF_0KpEINtB5_12BitIntStaticKpENtNtB7_6traits4LogI5ilog2B9_
FN:67,_RNvXININtNtCsjI26GlMff0c_8big_bits8bit_nums13bitint_statics_0KppEINtB5_12BitIntStaticKpEINtNtCskzPJi2J8k3N_4core7convert4FrompE4fromB9_
FN:235,_RNvXININtNtCsjI26GlMff0c_8big_bits8bit_nums13bitint_staticsa_0KpEINtB5_12BitIntStaticKpENtNtCskzPJi2J8k3N_4core3cmp3Ord3cmpB9_
FN:256,_RNvXININtNtCsjI26GlMff0c_8big_bits8bit_nums13bitint_staticsb_0KpEINtB5_12BitIntStaticKpENtNtNtCskzPJi2J8k3N_4core3ops5arith3Add3addB9_
FN:266,_RNvXININtNtCsjI26GlMff0c_8big_bits8bit_nums13bitint_staticsc_0KppEINtB5_12BitIntStaticKpEINtNtNtCskzPJi2J8k3N_4core3ops5arith3AddpE3addB9_
FN:277,_RNvXININtNtCsjI26GlMff0c_8big_bits8bit_nums13bitint_staticsd_0KpEINtB5_12BitIntStaticKpENtNtNtCskzPJi2J8k3N_4core3ops5arith9AddAssign10add_assignB9_
FN:284,_RNvXININtNtCsjI26GlMff0c_8big_bits8bit_nums13bitint_staticse_0KppEINtB5_12BitIntStaticKpEINtNtNtCskzPJi2J8k3N_4core3ops5arith9AddAssignpE10add_assignB9_
FN:292,_RNvXININtNtCsjI26GlMff0c_8big_bits8bit_nums13bitint_staticsf_0KpEINtB5_12BitIntStaticKpENtNtNtCskzPJi2J8k3N_4core3ops5arith3Neg3negB9_
FN:302,_RNvXININtNtCsjI26GlMff0c_8big_bits8bit_nums13bitint_staticsg_0KpEINtB5_12BitIntStaticKpENtNtNtCskzPJi2J8k3N_4core3ops5arith3Sub3subB9_
FN:312,_RNvXININtNtCsjI26GlMff0c_8big_bits8bit_nums13bitint_staticsh_0KppEINtB5_12BitIntStaticKpEINtNtNtCskzPJi2J8k3N_4core3ops5arith3SubpE3subB9_
FN:323,_RNvXININtNtCsjI26GlMff0c_8big_bits8bit_nums13bitint_staticsi_0KpEINtB5_12BitIntStaticKpENtNtNtCskzPJi2J8k3N_4core3ops5arith9SubAssign10sub_assignB9_
FN:330,_RNvXININtNtCsjI26GlMff0c_8big_bits8bit_nums13bitint_staticsj_0KppEINtB5_12BitIntStaticKpEINtNtNtCskzPJi2J8k3N_4core3ops5arith9SubAssignpE10sub_assignB9_
FN:338,_RNvXININtNtCsjI26GlMff0c_8big_bits8bit_nums13bitint_staticsk_0KpEINtB5_12BitIntStaticKpENtNtNtCskzPJi2J8k3N_4core3ops5arith3Mul3mulB9_
FN:350,_RNvXININtNtCsjI26GlMff0c_8big_bits8bit_nums13bitint_staticsl_0KpEINtB5_12BitIntStaticKpEINtNtNtCskzPJi2J8k3N_4core3ops5arith3MulnE3mulB9_
FN:363,_RNvXININtNtCsjI26GlMff0c_8big_bits8bit_nums13bitint_staticsm_0KpEINtB5_12BitIntStaticKpEINtNtNtCskzPJi2J8k3N_4core3ops5arith3MuloE3mulB9_
FN:376,_RNvXININtNtCsjI26GlMff0c_8big_bits8bit_nums13bitint_staticsn_0KpEINtB5_12BitIntStaticKpEINtNtNtCskzPJi2J8k3N_4core3ops5arith3MulxE3mulB9_
FN:390,_RNvXININtNtCsjI26GlMff0c_8big_bits8bit_nums13bitint_staticso_0KpEINtB5_12BitIntStaticKpENtNtNtCskzPJi2J8k3N_4core3ops5arith9MulAssign10mul_assignB9_
FN:399,_RNvXININtNtCsjI26GlMff0c_8big_bits8bit_nums13bitint_staticsp_0KpEINtB5_12BitIntStaticKpEINtNtNtCskzPJi2J8k3N_4core3ops5arith9MulAssignnE10mul_assignB9_
FN:407,_RNvXININtNtCsjI26GlMff0c_8big_bits8bit_nums13bitint_staticsq_0KpEINtB5_12BitIntStaticKpEINtNtNtCskzPJi2J8k3N_4core3ops5arith9MulAssignoE10mul_assignB9_
FN:414,_RNvXININtNtCsjI26GlMff0c_8big_bits8bit_nums13bitint_staticsr_0KpEINtB5_12BitIntStaticKpEINtNtNtCskzPJi2J8k3N_4core3ops5arith9MulAssignxE10mul_assignB9_
FN:421,_RNvXININtNtCsjI26GlMff0c_8big_bits8bit_nums13bitint_staticss_0KpEINtB5_12BitIntStaticKpENtNtB7_6traits3Sqr3sqrB9_
FN:430,_RNvXININtNtCsjI26GlMff0c_8big_bits8bit_nums13bitint_staticst_0KpEINtB5_12BitIntStaticKpEINtNtNtCskzPJi2J8k3N_4core3ops3bit3ShljE3shlB9_
FN:440,_RNvXININtNtCsjI26GlMff0c_8big_bits8bit_nums13bitint_staticsu_0KpEINtB5_12BitIntStaticKpEINtNtNtCskzPJi2J8k3N_4core3ops3bit9ShlAssignjE10shl_assignB9_
FN:449,_RNvXININtNtCsjI26GlMff0c_8big_bits8bit_nums13bitint_staticsv_0KpEINtB5_12BitIntStaticKpEINtNtNtCskzPJi2J8k3N_4core3ops3bit3ShrjE3shrB9_
FN:460,_RNvXININtNtCsjI26GlMff0c_8big_bits8bit_nums13bitint_staticsw_0KpEINtB5_12BitIntStaticKpEINtNtNtCskzPJi2J8k3N_4core3ops3bit9ShrAssignjE10shr_assignB9_
FN:471,_RNvXININtNtCsjI26GlMff0c_8big_bits8bit_nums13bitint_staticsx_0KpEINtB5_12BitIntStaticKpENtNtB7_6traits6DivRem7div_remB9_
FN:493,_RNvXININtNtCsjI26GlMff0c_8big_bits8bit_nums13bitint_staticsy_0KpEINtB5_12BitIntStaticKpEINtNtB7_6traits6DivRemnE7div_remB9_
FN:512,_RNvXININtNtCsjI26GlMff0c_8big_bits8bit_nums13bitint_staticsz_0KpEINtB5_12BitIntStaticKpEINtNtB7_6traits6DivRemxE7div_remB9_
FNDA:0,_RINvNtNtCsjI26GlMff0c_8big_bits8bit_nums13bitint_static7add_subKpEB6_
FNDA:0,_RNCNvMNtNtCsjI26GlMff0c_8big_bits8bit_nums13bitint_staticINtB4_12BitIntStaticKpE7is_zero0B8_
FNDA:0,_RNvMNtNtCsjI26GlMff0c_8big_bits8bit_nums13bitint_staticINtB2_12BitIntStaticKpE4makeB6_
FNDA:0,_RNvMNtNtCsjI26GlMff0c_8big_bits8bit_nums13bitint_staticINtB2_12BitIntStaticKpE7is_zeroB6_
FNDA:0,_RNvMNtNtCsjI26GlMff0c_8big_bits8bit_nums13bitint_staticINtB2_12BitIntStaticKpE7mut_absB6_
FNDA:0,_RNvMNtNtCsjI26GlMff0c_8big_bits8bit_nums13bitint_staticINtB2_12BitIntStaticKpE7mut_negB6_
FNDA:0,_RNvMNtNtCsjI26GlMff0c_8big_bits8bit_nums13bitint_staticINtB2_12BitIntStaticKpE8get_dataB6_
FNDA:0,_RNvMNtNtCsjI26GlMff0c_8big_bits8bit_nums13bitint_staticINtB2_12BitIntStaticKpE8get_signB6_
FNDA:0,_RNvXININtNtCsjI26GlMff0c_8big_bits8bit_nums13bitint_statics0_0KpEnINtNtCskzPJi2J8k3N_4core7convert7TryFromINtB5_12BitIntStaticKpEE8try_fromB9_
FNDA:0,_RNvXININtNtCsjI26GlMff0c_8big_bits8bit_nums13bitint_statics1_0KpExINtNtCskzPJi2J8k3N_4core7convert7TryFromINtB5_12BitIntStaticKpEE8try_fromB9_
FNDA:0,_RNvXININtNtCsjI26GlMff0c_8big_bits8bit_nums13bitint_statics2_0KpEINtB5_12BitIntStaticKpENtNtB7_6traits3Abs12unsigned_absB9_
FNDA:0,_RNvXININtNtCsjI26GlMff0c_8big_bits8bit_nums13bitint_statics2_0KpEINtB5_12BitIntStaticKpENtNtB7_6traits3Abs3absB9_
FNDA:0,_RNvXININtNtCsjI26GlMff0c_8big_bits8bit_nums13bitint_statics3_0KpEINtB5_12BitIntStaticKpENtNtNtCskzPJi2J8k3N_4core3str6traits7FromStr8from_strB9_
FNDA:0,_RNvXININtNtCsjI26GlMff0c_8big_bits8bit_nums13bitint_statics4_0KpEINtB5_12BitIntStaticKpENtNtCskzPJi2J8k3N_4core3fmt7Display3fmtB9_
FNDA:0,_RNvXININtNtCsjI26GlMff0c_8big_bits8bit_nums13bitint_statics5_0KpEINtB5_12BitIntStaticKpENtNtCskzPJi2J8k3N_4core3cmp9PartialEq2eqB9_
FNDA:0,_RNvXININtNtCsjI26GlMff0c_8big_bits8bit_nums13bitint_statics6_0KppEINtB5_12BitIntStaticKpEINtNtCskzPJi2J8k3N_4core3cmp9PartialEqpE2eqB9_
FNDA:0,_RNvXININtNtCsjI26GlMff0c_8big_bits8bit_nums13bitint_statics7_0KpEINtB5_12BitIntStaticKpENtNtCskzPJi2J8k3N_4core3cmp10PartialOrd11partial_cmpB9_
FNDA:0,_RNvXININtNtCsjI26GlMff0c_8big_bits8bit_nums13bitint_statics8_0KppEINtB5_12BitIntStaticKpEINtNtCskzPJi2J8k3N_4core3cmp10PartialOrdpE11partial_cmpB9_
FNDA:0,_RNvXININtNtCsjI26GlMff0c_8big_bits8bit_nums13bitint_staticsA_0KppEpINtNtB7_6traits6DivRemINtB5_12BitIntStaticKpEE7div_remB9_
FNDA:0,_RNvXININtNtCsjI26GlMff0c_8big_bits8bit_nums13bitint_staticsB_0KppEINtB5_12BitIntStaticKpEINtNtNtCskzPJi2J8k3N_4core3ops5arith3DivpE3divB9_
FNDA:0,_RNvXININtNtCsjI26GlMff0c_8big_bits8bit_nums13bitint_staticsC_0KppEINtB5_12BitIntStaticKpEINtNtNtCskzPJi2J8k3N_4core3ops5arith3RempE3remB9_
FNDA:0,_RNvXININtNtCsjI26GlMff0c_8big_bits8bit_nums13bitint_staticsD_0KppEINtB5_12BitIntStaticKpEINtNtNtCskzPJi2J8k3N_4core3ops5arith9DivAssignpE10div_assignB9_
FNDA:0,_RNvXININtNtCsjI26GlMff0c_8big_bits8bit_nums13bitint_staticsE_0KpEINtB5_12BitIntStaticKpEINtNtB7_6traits4PowIjE4powiB9_
FNDA:0,_RNvXININtNtCsjI26GlMff0c_8big_bits8bit_nums13bitint_staticsF_0KpEINtB5_12BitIntStaticKpENtNtB7_6traits4LogI10ilog2pow64B9_
FNDA:0,_RNvXININtNtCsjI26GlMff0c_8big_bits8bit_nums13bitint_staticsF_0KpEINtB5_12BitIntStaticKpENtNtB7_6traits4LogI4ilogB9_
FNDA:0,_RNvXININtNtCsjI26GlMff0c_8big_bits8bit_nums13bitint_staticsF_0KpEINtB5_12BitIntStaticKpENtNtB7_6traits4LogI5ilog2B9_
FNDA:0,_RNvXININtNtCsjI26GlMff0c_8big_bits8bit_nums13bitint_statics_0KppEINtB5_12BitIntStaticKpEINtNtCskzPJi2J8k3N_4core7convert4FrompE4fromB9_
FNDA:0,_RNvXININtNtCsjI26GlMff0c_8big_bits8bit_nums13bitint_staticsa_0KpEINtB5_12BitIntStaticKpENtNtCskzPJi2J8k3N_4core3cmp3Ord3cmpB9_
FNDA:0,_RNvXININtNtCsjI26GlMff0c_8big_bits8bit_nums13bitint_staticsb_0KpEINtB5_12BitIntStaticKpENtNtNtCskzPJi2J8k3N_4core3ops5arith3Add3addB9_
FNDA:0,_RNvXININtNtCsjI26GlMff0c_8big_bits8bit_nums13bitint_staticsc_0KppEINtB5_12BitIntStaticKpEINtNtNtCskzPJi2J8k3N_4core3ops5arith3AddpE3addB9_
FNDA:0,_RNvXININtNtCsjI26GlMff0c_8big_bits8bit_nums13bitint_staticsd_0KpEINtB5_12BitIntStaticKpENtNtNtCskzPJi2J8k3N_4core3ops5arith9AddAssign10add_assignB9_
FNDA:0,_RNvXININtNtCsjI26GlMff0c_8big_bits8bit_nums13bitint_staticse_0KppEINtB5_12BitIntStaticKpEINtNtNtCskzPJi2J8k3N_4core3ops5arith9AddAssignpE10add_assignB9_
FNDA:0,_RNvXININtNtCsjI26GlMff0c_8big_bits8bit_nums13bitint_staticsf_0KpEINtB5_12BitIntStaticKpENtNtNtCskzPJi2J8k3N_4core3ops5arith3Neg3negB9_
FNDA:0,_RNvXININtNtCsjI26GlMff0c_8big_bits8bit_nums13bitint_staticsg_0KpEINtB5_12BitIntStaticKpENtNtNtCskzPJi2J8k3N_4core3ops5arith3Sub3subB9_
FNDA:0,_RNvXININtNtCsjI26GlMff0c_8big_bits8bit_nums13bitint_staticsh_0KppEINtB5_12BitIntStaticKpEINtNtNtCskzPJi2J8k3N_4core3ops5arith3SubpE3subB9_
FNDA:0,_RNvXININtNtCsjI26GlMff0c_8big_bits8bit_nums13bitint_staticsi_0KpEINtB5_12BitIntStaticKpENtNtNtCskzPJi2J8k3N_4core3ops5arith9SubAssign10sub_assignB9_
FNDA:0,_RNvXININtNtCsjI26GlMff0c_8big_bits8bit_nums13bitint_staticsj_0KppEINtB5_12BitIntStaticKpEINtNtNtCskzPJi2J8k3N_4core3ops5arith9SubAssignpE10sub_assignB9_
FNDA:0,_RNvXININtNtCsjI26GlMff0c_8big_bits8bit_nums13bitint_staticsk_0KpEINtB5_12BitIntStaticKpENtNtNtCskzPJi2J8k3N_4core3ops5arith3Mul3mulB9_
FNDA:0,_RNvXININtNtCsjI26GlMff0c_8big_bits8bit_nums13bitint_staticsl_0KpEINtB5_12BitIntStaticKpEINtNtNtCskzPJi2J8k3N_4core3ops5arith3MulnE3mulB9_
FNDA:0,_RNvXININtNtCsjI26GlMff0c_8big_bits8bit_nums13bitint_staticsm_0KpEINtB5_12BitIntStaticKpEINtNtNtCskzPJi2J8k3N_4core3ops5arith3MuloE3mulB9_
FNDA:0,_RNvXININtNtCsjI26GlMff0c_8big_bits8bit_nums13bitint_staticsn_0KpEINtB5_12BitIntStaticKpEINtNtNtCskzPJi2J8k3N_4core3ops5arith3MulxE3mulB9_
FNDA:0,_RNvXININtNtCsjI26GlMff0c_8big_bits8bit_nums13bitint_staticso_0KpEINtB5_12BitIntStaticKpENtNtNtCskzPJi2J8k3N_4core3ops5arith9MulAssign10mul_assignB9_
FNDA:0,_RNvXININtNtCsjI26GlMff0c_8big_bits8bit_nums13bitint_staticsp_0KpEINtB5_12BitIntStaticKpEINtNtNtCskzPJi2J8k3N_4core3ops5arith9MulAssignnE10mul_assignB9_
FNDA:0,_RNvXININtNtCsjI26GlMff0c_8big_bits8bit_nums13bitint_staticsq_0KpEINtB5_12BitIntStaticKpEINtNtNtCskzPJi2J8k3N_4core3ops5arith9MulAssignoE10mul_assignB9_
FNDA:0,_RNvXININtNtCsjI26GlMff0c_8big_bits8bit_nums13bitint_staticsr_0KpEINtB5_12BitIntStaticKpEINtNtNtCskzPJi2J8k3N_4core3ops5arith9MulAssignxE10mul_assignB9_
FNDA:0,_RNvXININtNtCsjI26GlMff0c_8big_bits8bit_nums13bitint_staticss_0KpEINtB5_12BitIntStaticKpENtNtB7_6traits3Sqr3sqrB9_
FNDA:0,_RNvXININtNtCsjI26GlMff0c_8big_bits8bit_nums13bitint_staticst_0KpEINtB5_12BitIntStaticKpEINtNtNtCskzPJi2J8k3N_4core3ops3bit3ShljE3shlB9_
FNDA:0,_RNvXININtNtCsjI26GlMff0c_8big_bits8bit_nums13bitint_staticsu_0KpEINtB5_12BitIntStaticKpEINtNtNtCskzPJi2J8k3N_4core3ops3bit9ShlAssignjE10shl_assignB9_
FNDA:0,_RNvXININtNtCsjI26GlMff0c_8big_bits8bit_nums13bitint_staticsv_0KpEINtB5_12BitIntStaticKpEINtNtNtCskzPJi2J8k3N_4core3ops3bit3ShrjE3shrB9_
FNDA:0,_RNvXININtNtCsjI26GlMff0c_8big_bits8bit_nums13bitint_staticsw_0KpEINtB5_12BitIntStaticKpEINtNtNtCskzPJi2J8k3N_4core3ops3bit9ShrAssignjE10shr_assignB9_
FNDA:0,_RNvXININtNtCsjI26GlMff0c_8big_bits8bit_nums13bitint_staticsx_0KpEINtB5_12BitIntStaticKpENtNtB7_6traits6DivRem7div_remB9_
FNDA:0,_RNvXININtNtCsjI26GlMff0c_8big_bits8bit_nums13bitint_staticsy_0KpEINtB5_12BitIntStaticKpEINtNtB7_6traits6DivRemnE7div_remB9_
FNDA:0,_RNvXININtNtCsjI26GlMff0c_8big_bits8bit_nums13bitint_staticsz_0KpEINtB5_12BitIntStaticKpEINtNtB7_6traits6DivRemxE7div_remB9_
FNF:53
FNH:0
DA:19,0
DA:20,0
DA:21,0
DA:24,0
DA:25,0
DA:26,0
DA:29,0
DA:30,0
DA:31,0
DA:51,0
DA:52,0
DA:53,0
DA:56,0
DA:57,0
DA:58,0
DA:61,0
DA:62,0
DA:63,0
DA:67,0
DA:68,0
DA:69,0
DA:70,0
DA:71,0
DA:72,0
DA:73,0
DA:74,0
DA:75,0
DA:80,0
DA:81,0
DA:82,0
DA:83,0
DA:84,0
DA:89,0
DA:90,0
DA:91,0
DA:92,0
DA:93,0
DA:94,0
DA:95,0
DA:101,0
DA:102,0
DA:103,0
DA:104,0
DA:105,0
DA:106,0
DA:107,0
DA:108,0
DA:109,0
DA:113,0
DA:117,0
DA:118,0
DA:119,0
DA:121,0
DA:122,0
DA:123,0
DA:125,0
DA:128,0
DA:131,0
DA:132,0
DA:133,0
DA:134,0
DA:135,0
DA:136,0
DA:137,0
DA:138,0
DA:139,0
DA:141,0
DA:142,0
DA:143,0
DA:144,0
DA:145,0
DA:146,0
DA:148,0
DA:149,0
DA:150,0
DA:153,0
DA:154,0
DA:155,0
DA:159,0
DA:160,0
DA:161,0
DA:162,0
DA:167,0
DA:168,0
DA:170,0
DA:171,0
DA:172,0
DA:173,0
DA:174,0
DA:176,0
DA:177,0
DA:178,0
DA:180,0
DA:181,0
DA:182,0
DA:184,0
DA:185,0
DA:188,0
DA:189,0
DA:193,0
DA:194,0
DA:195,0
DA:196,0
DA:197,0
DA:198,0
DA:202,0
DA:203,0
DA:204,0
DA:205,0
DA:206,0
DA:207,0
DA:210,0
DA:211,0
DA:212,0
DA:213,0
DA:214,0
DA:215,0
DA:219,0
DA:220,0
DA:221,0
DA:222,0
DA:223,0
DA:224,0
DA:225,0
DA:226,0
DA:227,0
DA:235,0
DA:236,0
DA:237,0
DA:240,0
DA:241,0
DA:242,0
DA:243,0
DA:245,0
DA:247,0
DA:248,0
DA:249,0
DA:250,0
DA:251,0
DA:252,0
DA:256,0
DA:257,0
DA:258,0
DA:259,0
DA:260,0
DA:261,0
DA:266,0
DA:267,0
DA:268,0
DA:269,0
DA:270,0
DA:271,0
DA:277,0
DA:278,0
DA:279,0
DA:280,0
DA:284,0
DA:285,0
DA:286,0
DA:287,0
DA:292,0
DA:293,0
DA:294,0
DA:295,0
DA:296,0
DA:297,0
DA:302,0
DA:303,0
DA:304,0
DA:305,0
DA:306,0
DA:307,0
DA:312,0
DA:313,0
DA:314,0
DA:315,0
DA:316,0
DA:317,0
DA:323,0
DA:324,0
DA:325,0
DA:326,0
DA:330,0
DA:331,0
DA:332,0
DA:333,0
DA:338,0
DA:339,0
DA:340,0
DA:341,0
DA:342,0
DA:343,0
DA:344,0
DA:345,0
DA:350,0
DA:351,0
DA:352,0
DA:353,0
DA:354,0
DA:355,0
DA:356,0
DA:357,0
DA:358,0
DA:363,0
DA:364,0
DA:365,0
DA:366,0
DA:367,0
DA:368,0
DA:369,0
DA:370,0
DA:371,0
DA:376,0
DA:377,0
DA:378,0
DA:379,0
DA:380,0
DA:381,0
DA:382,0
DA:383,0
DA:384,0
DA:390,0
DA:391,0
DA:392,0
DA:393,0
DA:394,0
DA:395,0
DA:399,0
DA:400,0
DA:401,0
DA:402,0
DA:403,0
DA:407,0
DA:408,0
DA:409,0
DA:410,0
DA:414,0
DA:415,0
DA:416,0
DA:417,0
DA:421,0
DA:422,0
DA:423,0
DA:424,0
DA:425,0
DA:430,0
DA:431,0
DA:432,0
DA:433,0
DA:434,0
DA:435,0
DA:436,0
DA:440,0
DA:441,0
DA:442,0
DA:443,0
DA:444,0
DA:449,0
DA:450,0
DA:451,0
DA:452,0
DA:453,0
DA:454,0
DA:455,0
DA:456,0
DA:460,0
DA:461,0
DA:462,0
DA:463,0
DA:464,0
DA:465,0
DA:471,0
DA:472,0
DA:473,0
DA:474,0
DA:475,0
DA:476,0
DA:477,0
DA:478,0
DA:479,0
DA:480,0
DA:481,0
DA:482,0
DA:483,0
DA:484,0
DA:485,0
DA:486,0
DA:487,0
DA:493,0
DA:494,0
DA:495,0
DA:496,0
DA:497,0
DA:498,0
DA:499,0
DA:500,0
DA:501,0
DA:502,0
DA:503,0
DA:504,0
DA:505,0
DA:506,0
DA:512,0
DA:513,0
DA:514,0
DA:515,0
DA:516,0
DA:517,0
DA:526,0
DA:527,0
DA:528,0
DA:530,0
DA:531,0
DA:539,0
DA:540,0
DA:541,0
DA:549,0
DA:550,0
DA:551,0
DA:560,0
DA:561,0
DA:562,0
DA:567,0
DA:569,0
DA:570,0
DA:572,0
DA:578,0
DA:579,0
DA:580,0
DA:581,0
DA:583,0
DA:584,0
DA:586,0
DA:587,0
DA:588,0
DA:589,0
DA:591,0
DA:592,0
DA:593,0
DA:594,0
DA:596,0
DA:597,0
DA:598,0
DA:599,0
DA:601,0
DA:602,0
BRF:0
BRH:0
LF:347
LH:0
end_of_record
SF:/Users/aidansgarlato/Programing/Rust/BigBits/src/bit_nums/traits.rs
FN:17,_RNvMNtNtCsjI26GlMff0c_8big_bits8bit_nums6traitsNtB2_8SmallBuf3len
FN:491,_RNvXININtNtCsjI26GlMff0c_8big_bits8bit_nums13bitint_staticsJ_0KpEnINtNtCskzPJi2J8k3N_4core3cmp9PartialEqINtB5_12BitIntStaticKpEE2eqB9_
FN:497,_RNvXININtNtCsjI26GlMff0c_8big_bits8bit_nums13bitint_staticsK_0KpEnINtNtCskzPJi2J8k3N_4core3cmp10PartialOrdINtB5_12BitIntStaticKpEE11partial_cmpB9_
FN:491,_RNvXININtNtCsjI26GlMff0c_8big_bits8bit_nums13bitint_staticsL_0KpExINtNtCskzPJi2J8k3N_4core3cmp9PartialEqINtB5_12BitIntStaticKpEE2eqB9_
FN:497,_RNvXININtNtCsjI26GlMff0c_8big_bits8bit_nums13bitint_staticsM_0KpExINtNtCskzPJi2J8k3N_4core3cmp10PartialOrdINtB5_12BitIntStaticKpEE11partial_cmpB9_
FN:598,_RNvXININtNtCsjI26GlMff0c_8big_bits8bit_nums13bitint_staticsN_0KpEnINtNtNtCskzPJi2J8k3N_4core3ops5arith3AddINtB5_12BitIntStaticKpEE3addB9_
FN:598,_RNvXININtNtCsjI26GlMff0c_8big_bits8bit_nums13bitint_staticsO_0KpExINtNtNtCskzPJi2J8k3N_4core3ops5arith3AddINtB5_12BitIntStaticKpEE3addB9_
FN:598,_RNvXININtNtCsjI26GlMff0c_8big_bits8bit_nums13bitint_staticsP_0KpEnINtNtNtCskzPJi2J8k3N_4core3ops5arith3SubINtB5_12BitIntStaticKpEE3subB9_
FN:598,_RNvXININtNtCsjI26GlMff0c_8big_bits8bit_nums13bitint_staticsQ_0KpExINtNtNtCskzPJi2J8k3N_4core3ops5arith3SubINtB5_12BitIntStaticKpEE3subB9_
FN:598,_RNvXININtNtCsjI26GlMff0c_8big_bits8bit_nums13bitint_staticsR_0KpEnINtNtNtCskzPJi2J8k3N_4core3ops5arith3MulINtB5_12BitIntStaticKpEE3mulB9_
FN:598,_RNvXININtNtCsjI26GlMff0c_8big_bits8bit_nums13bitint_staticsS_0KpExINtNtNtCskzPJi2J8k3N_4core3ops5arith3MulINtB5_12BitIntStaticKpEE3mulB9_
FN:528,_RNvXININtNtCsjI26GlMff0c_8big_bits8bit_nums13bitint_staticsT_0KpEnINtNtNtCskzPJi2J8k3N_4core3ops5arith3DivINtB5_12BitIntStaticKpEE3divB9_
FN:538,_RNvXININtNtCsjI26GlMff0c_8big_bits8bit_nums13bitint_staticsU_0KpEnINtNtNtCskzPJi2J8k3N_4core3ops5arith3RemINtB5_12BitIntStaticKpEE3remB9_
FN:528,_RNvXININtNtCsjI26GlMff0c_8big_bits8bit_nums13bitint_staticsV_0KpExINtNtNtCskzPJi2J8k3N_4core3ops5arith3DivINtB5_12BitIntStaticKpEE3divB9_
FN:538,_RNvXININtNtCsjI26GlMff0c_8big_bits8bit_nums13bitint_staticsW_0KpExINtNtNtCskzPJi2J8k3N_4core3ops5arith3RemINtB5_12BitIntStaticKpEE3remB9_
FN:491,_RNvXININtNtCsjI26GlMff0c_8big_bits8bit_nums14ubitint_staticsG_0KpEoINtNtCskzPJi2J8k3N_4core3cmp9PartialEqINtB5_13UBitIntStaticKpEE2eqB9_
FN:497,_RNvXININtNtCsjI26GlMff0c_8big_bits8bit_nums14ubitint_staticsH_0KpEoINtNtCskzPJi2J8k3N_4core3cmp10PartialOrdINtB5_13UBitIntStaticKpEE11partial_cmpB9_
FN:491,_RNvXININtNtCsjI26GlMff0c_8big_bits8bit_nums14ubitint_staticsI_0KpEyINtNtCskzPJi2J8k3N_4core3cmp9PartialEqINtB5_13UBitIntStaticKpEE2eqB9_
FN:497,_RNvXININtNtCsjI26GlMff0c_8big_bits8bit_nums14ubitint_staticsJ_0KpEyINtNtCskzPJi2J8k3N_4core3cmp10PartialOrdINtB5_13UBitIntStaticKpEE11partial_cmpB9_
FN:598,_RNvXININtNtCsjI26GlMff0c_8big_bits8bit_nums14ubitint_staticsK_0KpEoINtNtNtCskzPJi2J8k3N_4core3ops5arith3AddINtB5_13UBitIntStaticKpEE3addB9_
FN:598,_RNvXININtNtCsjI26GlMff0c_8big_bits8bit_nums14ubitint_staticsL_0KpEyINtNtNtCskzPJi2J8k3N_4core3ops5arith3AddINtB5_13UBitIntStaticKpEE3addB9_
FN:598,_RNvXININtNtCsjI26GlMff0c_8big_bits8bit_nums14ubitint_staticsO_0KpEoINtNtNtCskzPJi2J8k3N_4core3ops5arith3MulINtB5_13UBitIntStaticKpEE3mulB9_
FN:598,_RNvXININtNtCsjI26GlMff0c_8big_bits8bit_nums14ubitint_staticsP_0KpEyINtNtNtCskzPJi2J8k3N_4core3ops5arith3MulINtB5_13UBitIntStaticKpEE3mulB9_
FN:528,_RNvXININtNtCsjI26GlMff0c_8big_bits8bit_nums14ubitint_staticsQ_0KpEoINtNtNtCskzPJi2J8k3N_4core3ops5arith3DivINtB5_13UBitIntStaticKpEE3divB9_
FN:538,_RNvXININtNtCsjI26GlMff0c_8big_bits8bit_nums14ubitint_staticsR_0KpEoINtNtNtCskzPJi2J8k3N_4core3ops5arith3RemINtB5_13UBitIntStaticKpEE3remB9_
FN:528,_RNvXININtNtCsjI26GlMff0c_8big_bits8bit_nums14ubitint_staticsS_0KpEyINtNtNtCskzPJi2J8k3N_4core3ops5arith3DivINtB5_13UBitIntStaticKpEE3divB9_
FN:538,_RNvXININtNtCsjI26GlMff0c_8big_bits8bit_nums14ubitint_staticsT_0KpEyINtNtNtCskzPJi2J8k3N_4core3ops5arith3RemINtB5_13UBitIntStaticKpEE3remB9_
FN:30,_RNvXs0_NtNtCsjI26GlMff0c_8big_bits8bit_nums6traitsNtB5_8SmallBufNtNtNtCskzPJi2J8k3N_4core3ops5deref8DerefMut9deref_mut
FN:506,_RNvXs19_NtNtCsjI26GlMff0c_8big_bits8bit_nums7ubitintoINtNtCskzPJi2J8k3N_4core3cmp9PartialEqNtB6_7UBitIntE2eq
FN:561,_RNvXs1A_NtNtCsjI26GlMff0c_8big_bits8bit_nums6bitintxINtNtNtCskzPJi2J8k3N_4core3ops5arith3DivRNtB6_6BitIntE3div
FN:571,_RNvXs1B_NtNtCsjI26GlMff0c_8big_bits8bit_nums6bitintxINtNtNtCskzPJi2J8k3N_4core3ops5arith3RemNtB6_6BitIntE3rem
FN:581,_RNvXs1C_NtNtCsjI26GlMff0c_8big_bits8bit_nums6bitintxINtNtNtCskzPJi2J8k3N_4core3ops5arith3RemRNtB6_6BitIntE3rem
FN:43,_RNvXs1_NtNtCsjI26GlMff0c_8big_bits8bit_nums6traitsNtB5_8SmallBufINtNtCskzPJi2J8k3N_4core7convert7TryFromRSyE8try_from
FN:511,_RNvXs1a_NtNtCsjI26GlMff0c_8big_bits8bit_nums7ubitintoINtNtCskzPJi2J8k3N_4core3cmp10PartialOrdNtB6_7UBitIntE11partial_cmp
FN:506,_RNvXs1b_NtNtCsjI26GlMff0c_8big_bits8bit_nums7ubitintyINtNtCskzPJi2J8k3N_4core3cmp9PartialEqNtB6_7UBitIntE2eq
FN:511,_RNvXs1c_NtNtCsjI26GlMff0c_8big_bits8bit_nums7ubitintyINtNtCskzPJi2J8k3N_4core3cmp10PartialOrdNtB6_7UBitIntE11partial_cmp
FN:609,_RNvXs1d_NtNtCsjI26GlMff0c_8big_bits8bit_nums7ubitintoINtNtNtCskzPJi2J8k3N_4core3ops5arith3AddNtB6_7UBitIntE3add
FN:616,_RNvXs1e_NtNtCsjI26GlMff0c_8big_bits8bit_nums7ubitintoINtNtNtCskzPJi2J8k3N_4core3ops5arith3AddRNtB6_7UBitIntE3add
FN:506,_RNvXs1f_NtNtCsjI26GlMff0c_8big_bits8bit_nums6bitintnINtNtCskzPJi2J8k3N_4core3cmp9PartialEqNtB6_6BitIntE2eq
FN:609,_RNvXs1f_NtNtCsjI26GlMff0c_8big_bits8bit_nums7ubitintyINtNtNtCskzPJi2J8k3N_4core3ops5arith3AddNtB6_7UBitIntE3add
FN:511,_RNvXs1g_NtNtCsjI26GlMff0c_8big_bits8bit_nums6bitintnINtNtCskzPJi2J8k3N_4core3cmp10PartialOrdNtB6_6BitIntE11partial_cmp
FN:616,_RNvXs1g_NtNtCsjI26GlMff0c_8big_bits8bit_nums7ubitintyINtNtNtCskzPJi2J8k3N_4core3ops5arith3AddRNtB6_7UBitIntE3add
FN:506,_RNvXs1h_NtNtCsjI26GlMff0c_8big_bits8bit_nums6bitintxINtNtCskzPJi2J8k3N_4core3cmp9PartialEqNtB6_6BitIntE2eq
FN:511,_RNvXs1i_NtNtCsjI26GlMff0c_8big_bits8bit_nums6bitintxINtNtCskzPJi2J8k3N_4core3cmp10PartialOrdNtB6_6BitIntE11partial_cmp
FN:609,_RNvXs1j_NtNtCsjI26GlMff0c_8big_bits8bit_nums6bitintnINtNtNtCskzPJi2J8k3N_4core3ops5arith3AddNtB6_6BitIntE3add
FN:616,_RNvXs1k_NtNtCsjI26GlMff0c_8big_bits8bit_nums6bitintnINtNtNtCskzPJi2J8k3N_4core3ops5arith3AddRNtB6_6BitIntE3add
FN:609,_RNvXs1l_NtNtCsjI26GlMff0c_8big_bits8bit_nums6bitintxINtNtNtCskzPJi2J8k3N_4core3ops5arith3AddNtB6_6BitIntE3add
FN:609,_RNvXs1l_NtNtCsjI26GlMff0c_8big_bits8bit_nums7ubitintoINtNtNtCskzPJi2J8k3N_4core3ops5arith3MulNtB6_7UBitIntE3mul
FN:616,_RNvXs1m_NtNtCsjI26GlMff0c_8big_bits8bit_nums6bitintxINtNtNtCskzPJi2J8k3N_4core3ops5arith3AddRNtB6_6BitIntE3add
FN:616,_RNvXs1m_NtNtCsjI26GlMff0c_8big_bits8bit_nums7ubitintoINtNtNtCskzPJi2J8k3N_4core3ops5arith3MulRNtB6_7UBitIntE3mul
FN:609,_RNvXs1n_NtNtCsjI26GlMff0c_8big_bits8bit_nums6bitintnINtNtNtCskzPJi2J8k3N_4core3ops5arith3SubNtB6_6BitIntE3sub
FN:609,_RNvXs1n_NtNtCsjI26GlMff0c_8big_bits8bit_nums7ubitintyINtNtNtCskzPJi2J8k3N_4core3ops5arith3MulNtB6_7UBitIntE3mul
FN:616,_RNvXs1o_NtNtCsjI26GlMff0c_8big_bits8bit_nums6bitintnINtNtNtCskzPJi2J8k3N_4core3ops5arith3SubRNtB6_6BitIntE3sub
FN:616,_RNvXs1o_NtNtCsjI26GlMff0c_8big_bits8bit_nums7ubitintyINtNtNtCskzPJi2J8k3N_4core3ops5arith3MulRNtB6_7UBitIntE3mul
FN:609,_RNvXs1p_NtNtCsjI26GlMff0c_8big_bits8bit_nums6bitintxINtNtNtCskzPJi2J8k3N_4core3ops5arith3SubNtB6_6BitIntE3sub
FN:551,_RNvXs1p_NtNtCsjI26GlMff0c_8big_bits8bit_nums7ubitintoINtNtNtCskzPJi2J8k3N_4core3ops5arith3DivNtB6_7UBitIntE3div
FN:616,_RNvXs1q_NtNtCsjI26GlMff0c_8big_bits8bit_nums6bitintxINtNtNtCskzPJi2J8k3N_4core3ops5arith3SubRNtB6_6BitIntE3sub
FN:561,_RNvXs1q_NtNtCsjI26GlMff0c_8big_bits8bit_nums7ubitintoINtNtNtCskzPJi2J8k3N_4core3ops5arith3DivRNtB6_7UBitIntE3div
FN:609,_RNvXs1r_NtNtCsjI26GlMff0c_8big_bits8bit_nums6bitintnINtNtNtCskzPJi2J8k3N_4core3ops5arith3MulNtB6_6BitIntE3mul
FN:571,_RNvXs1r_NtNtCsjI26GlMff0c_8big_bits8bit_nums7ubitintoINtNtNtCskzPJi2J8k3N_4core3ops5arith3RemNtB6_7UBitIntE3rem
FN:616,_RNvXs1s_NtNtCsjI26GlMff0c_8big_bits8bit_nums6bitintnINtNtNtCskzPJi2J8k3N_4core3ops5arith3MulRNtB6_6BitIntE3mul
FN:581,_RNvXs1s_NtNtCsjI26GlMff0c_8big_bits8bit_nums7ubitintoINtNtNtCskzPJi2J8k3N_4core3ops5arith3RemRNtB6_7UBitIntE3rem
FN:609,_RNvXs1t_NtNtCsjI26GlMff0c_8big_bits8bit_nums6bitintxINtNtNtCskzPJi2J8k3N_4core3ops5arith3MulNtB6_6BitIntE3mul
FN:551,_RNvXs1t_NtNtCsjI26GlMff0c_8big_bits8bit_nums7ubitintyINtNtNtCskzPJi2J8k3N_4core3ops5arith3DivNtB6_7UBitIntE3div
FN:616,_RNvXs1u_NtNtCsjI26GlMff0c_8big_bits8bit_nums6bitintxINtNtNtCskzPJi2J8k3N_4core3ops5arith3MulRNtB6_6BitIntE3mul
FN:561,_RNvXs1u_NtNtCsjI26GlMff0c_8big_bits8bit_nums7ubitintyINtNtNtCskzPJi2J8k3N_4core3ops5arith3DivRNtB6_7UBitIntE3div
FN:551,_RNvXs1v_NtNtCsjI26GlMff0c_8big_bits8bit_nums6bitintnINtNtNtCskzPJi2J8k3N_4core3ops5arith3DivNtB6_6BitIntE3div
FN:571,_RNvXs1v_NtNtCsjI26GlMff0c_8big_bits8bit_nums7ubitintyINtNtNtCskzPJi2J8k3N_4core3ops5arith3RemNtB6_7UBitIntE3rem
FN:561,_RNvXs1w_NtNtCsjI26GlMff0c_8big_bits8bit_nums6bitintnINtNtNtCskzPJi2J8k3N_4core3ops5arith3DivRNtB6_6BitIntE3div
FN:581,_RNvXs1w_NtNtCsjI26GlMff0c_8big_bits8bit_nums7ubitintyINtNtNtCskzPJi2J8k3N_4core3ops5arith3RemRNtB6_7UBitIntE3rem
FN:571,_RNvXs1x_NtNtCsjI26GlMff0c_8big_bits8bit_nums6bitintnINtNtNtCskzPJi2J8k3N_4core3ops5arith3RemNtB6_6BitIntE3rem
FN:581,_RNvXs1y_NtNtCsjI26GlMff0c_8big_bits8bit_nums6bitintnINtNtNtCskzPJi2J8k3N_4core3ops5arith3RemRNtB6_6BitIntE3rem
FN:551,_RNvXs1z_NtNtCsjI26GlMff0c_8big_bits8bit_nums6bitintxINtNtNtCskzPJi2J8k3N_4core3ops5arith3DivNtB6_6BitIntE3div
FN:57,_RNvXs2_NtNtCsjI26GlMff0c_8big_bits8bit_nums6traitsNtB5_8SmallBufINtNtCskzPJi2J8k3N_4core7convert4FromoE4from
FN:73,_RNvXs3_NtNtCsjI26GlMff0c_8big_bits8bit_nums6traitsoINtNtCskzPJi2J8k3N_4core7convert4FromNtB5_8SmallBufE4from
FN:79,_RNvXs4_NtNtCsjI26GlMff0c_8big_bits8bit_nums6traitsNtB5_8SmallBufINtNtCskzPJi2J8k3N_4core7convert4FromyE4from
FN:93,_RNvXs5_NtNtCsjI26GlMff0c_8big_bits8bit_nums6traitsyINtNtCskzPJi2J8k3N_4core7convert7TryFromNtB5_8SmallBufE8try_from
FN:124,_RNvXs8_NtNtCsjI26GlMff0c_8big_bits8bit_nums6traitsnNtB5_1I4sign
FN:121,_RNvXs8_NtNtCsjI26GlMff0c_8big_bits8bit_nums6traitsnNtB5_1I8unsigned
FN:134,_RNvXs9_NtNtCsjI26GlMff0c_8big_bits8bit_nums6traitsxNtB5_1I4sign
FN:131,_RNvXs9_NtNtCsjI26GlMff0c_8big_bits8bit_nums6traitsxNtB5_1I8unsigned
FN:24,_RNvXs_NtNtCsjI26GlMff0c_8big_bits8bit_nums6traitsNtB4_8SmallBufNtNtNtCskzPJi2J8k3N_4core3ops5deref5Deref5deref
FN:167,_RNvXsb_NtNtCsjI26GlMff0c_8big_bits8bit_nums6traitsNtB5_3SEMINtNtCskzPJi2J8k3N_4core7convert4FromdE4from
FN:209,_RNvXsc_NtNtCsjI26GlMff0c_8big_bits8bit_nums6traitsNtB5_3SEMINtNtCskzPJi2J8k3N_4core7convert4FromfE4from
FN:251,_RNvXsd_NtNtCsjI26GlMff0c_8big_bits8bit_nums6traitsNtB5_3SEMINtNtCskzPJi2J8k3N_4core7convert4FromnE4from
FN:273,_RNvXse_NtNtCsjI26GlMff0c_8big_bits8bit_nums6traitsNtB5_3SEMINtNtCskzPJi2J8k3N_4core7convert4FromxE4from
FN:287,_RNvXsf_NtNtCsjI26GlMff0c_8big_bits8bit_nums6traitsdINtNtCskzPJi2J8k3N_4core7convert7TryFromNtB5_3SEME8try_from
FN:330,_RNvXsg_NtNtCsjI26GlMff0c_8big_bits8bit_nums6traitsfINtNtCskzPJi2J8k3N_4core7convert7TryFromNtB5_3SEME8try_from
FN:376,_RNvXsh_NtNtCsjI26GlMff0c_8big_bits8bit_nums6traitsnINtNtCskzPJi2J8k3N_4core7convert7TryFromNtB5_3SEME8try_from
FN:399,_RNvXsi_NtNtCsjI26GlMff0c_8big_bits8bit_nums6traitsxINtNtCskzPJi2J8k3N_4core7convert7TryFromNtB5_3SEME8try_from
FNDA:0,_RNvMNtNtCsjI26GlMff0c_8big_bits8bit_nums6traitsNtB2_8SmallBuf3len
FNDA:0,_RNvXININtNtCsjI26GlMff0c_8big_bits8bit_nums13bitint_staticsJ_0KpEnINtNtCskzPJi2J8k3N_4core3cmp9PartialEqINtB5_12BitIntStaticKpEE2eqB9_
FNDA:0,_RNvXININtNtCsjI26GlMff0c_8big_bits8bit_nums13bitint_staticsK_0KpEnINtNtCskzPJi2J8k3N_4core3cmp10PartialOrdINtB5_12BitIntStaticKpEE11partial_cmpB9_
FNDA:0,_RNvXININtNtCsjI26GlMff0c_8big_bits8bit_nums13bitint_staticsL_0KpExINtNtCskzPJi2J8k3N_4core3cmp9PartialEqINtB5_12BitIntStaticKpEE2eqB9_
FNDA:0,_RNvXININtNtCsjI26GlMff0c_8big_bits8bit_nums13bitint_staticsM_0KpExINtNtCskzPJi2J8k3N_4core3cmp10PartialOrdINtB5_12BitIntStaticKpEE11partial_cmpB9_
FNDA:0,_RNvXININtNtCsjI26GlMff0c_8big_bits8bit_nums13bitint_staticsN_0KpEnINtNtNtCskzPJi2J8k3N_4core3ops5arith3AddINtB5_12BitIntStaticKpEE3addB9_
FNDA:0,_RNvXININtNtCsjI26GlMff0c_8big_bits8bit_nums13bitint_staticsO_0KpExINtNtNtCskzPJi2J8k3N_4core3ops5arith3AddINtB5_12BitIntStaticKpEE3addB9_
FNDA:0,_RNvXININtNtCsjI26GlMff0c_8big_bits8bit_nums13bitint_staticsP_0KpEnINtNtNtCskzPJi2J8k3N_4core3ops5arith3SubINtB5_12BitIntStaticKpEE3subB9_
FNDA:0,_RNvXININtNtCsjI26GlMff0c_8big_bits8bit_nums13bitint_staticsQ_0KpExINtNtNtCskzPJi2J8k3N_4core3ops5arith3SubINtB5_12BitIntStaticKpEE3subB9_
FNDA:0,_RNvXININtNtCsjI26GlMff0c_8big_bits8bit_nums13bitint_staticsR_0KpEnINtNtNtCskzPJi2J8k3N_4core3ops5arith3MulINtB5_12BitIntStaticKpEE3mulB9_
FNDA:0,_RNvXININtNtCsjI26GlMff0c_8big_bits8bit_nums13bitint_staticsS_0KpExINtNtNtCskzPJi2J8k3N_4core3ops5arith3MulINtB5_12BitIntStaticKpEE3mulB9_
FNDA:0,_RNvXININtNtCsjI26GlMff0c_8big_bits8bit_nums13bitint_staticsT_0KpEnINtNtNtCskzPJi2J8k3N_4core3ops5arith3DivINtB5_12BitIntStaticKpEE3divB9_
FNDA:0,_RNvXININtNtCsjI26GlMff0c_8big_bits8bit_nums13bitint_staticsU_0KpEnINtNtNtCskzPJi2J8k3N_4core3ops5arith3RemINtB5_12BitIntStaticKpEE3remB9_
FNDA:0,_RNvXININtNtCsjI26GlMff0c_8big_bits8bit_nums13bitint_staticsV_0KpExINtNtNtCskzPJi2J8k3N_4core3ops5arith3DivINtB5_12BitIntStaticKpEE3divB9_
FNDA:0,_RNvXININtNtCsjI26GlMff0c_8big_bits8bit_nums13bitint_staticsW_0KpExINtNtNtCskzPJi2J8k3N_4core3ops5arith3RemINtB5_12BitIntStaticKpEE3remB9_
FNDA:0,_RNvXININtNtCsjI26GlMff0c_8big_bits8bit_nums14ubitint_staticsG_0KpEoINtNtCskzPJi2J8k3N_4core3cmp9PartialEqINtB5_13UBitIntStaticKpEE2eqB9_
FNDA:0,_RNvXININtNtCsjI26GlMff0c_8big_bits8bit_nums14ubitint_staticsH_0KpEoINtNtCskzPJi2J8k3N_4core3cmp10PartialOrdINtB5_13UBitIntStaticKpEE11partial_cmpB9_
FNDA:0,_RNvXININtNtCsjI26GlMff0c_8big_bits8bit_nums14ubitint_staticsI_0KpEyINtNtCskzPJi2J8k3N_4core3cmp9PartialEqINtB5_13UBitIntStaticKpEE2eqB9_
FNDA:0,_RNvXININtNtCsjI26GlMff0c_8big_bits8bit_nums14ubitint_staticsJ_0KpEyINtNtCskzPJi2J8k3N_4core3cmp10PartialOrdINtB5_13UBitIntStaticKpEE11partial_cmpB9_
FNDA:0,_RNvXININtNtCsjI26GlMff0c_8big_bits8bit_nums14ubitint_staticsK_0KpEoINtNtNtCskzPJi2J8k3N_4core3ops5arith3AddINtB5_13UBitIntStaticKpEE3addB9_
FNDA:0,_RNvXININtNtCsjI26GlMff0c_8big_bits8bit_nums14ubitint_staticsL_0KpEyINtNtNtCskzPJi2J8k3N_4core3ops5arith3AddINtB5_13UBitIntStaticKpEE3addB9_
FNDA:0,_RNvXININtNtCsjI26GlMff0c_8big_bits8bit_nums14ubitint_staticsO_0KpEoINtNtNtCskzPJi2J8k3N_4core3ops5arith3MulINtB5_13UBitIntStaticKpEE3mulB9_
FNDA:0,_RNvXININtNtCsjI26GlMff0c_8big_bits8bit_nums14ubitint_staticsP_0KpEyINtNtNtCskzPJi2J8k3N_4core3ops5arith3MulINtB5_13UBitIntStaticKpEE3mulB9_
FNDA:0,_RNvXININtNtCsjI26GlMff0c_8big_bits8bit_nums14ubitint_staticsQ_0KpEoINtNtNtCskzPJi2J8k3N_4core3ops5arith3DivINtB5_13UBitIntStaticKpEE3divB9_
FNDA:0,_RNvXININtNtCsjI26GlMff0c_8big_bits8bit_nums14ubitint_staticsR_0KpEoINtNtNtCskzPJi2J8k3N_4core3ops5arith3RemINtB5_13UBitIntStaticKpEE3remB9_
FNDA:0,_RNvXININtNtCsjI26GlMff0c_8big_bits8bit_nums14ubitint_staticsS_0KpEyINtNtNtCskzPJi2J8k3N_4core3ops5arith3DivINtB5_13UBitIntStaticKpEE3divB9_
FNDA:0,_RNvXININtNtCsjI26GlMff0c_8big_bits8bit_nums14ubitint_staticsT_0KpEyINtNtNtCskzPJi2J8k3N_4core3ops5arith3RemINtB5_13UBitIntStaticKpEE3remB9_
FNDA:0,_RNvXs0_NtNtCsjI26GlMff0c_8big_bits8bit_nums6traitsNtB5_8SmallBufNtNtNtCskzPJi2J8k3N_4core3ops5deref8DerefMut9deref_mut
FNDA:0,_RNvXs19_NtNtCsjI26GlMff0c_8big_bits8bit_nums7ubitintoINtNtCskzPJi2J8k3N_4core3cmp9PartialEqNtB6_7UBitIntE2eq
FNDA:0,_RNvXs1A_NtNtCsjI26GlMff0c_8big_bits8bit_nums6bitintxINtNtNtCskzPJi2J8k3N_4core3ops5arith3DivRNtB6_6BitIntE3div
FNDA:0,_RNvXs1B_NtNtCsjI26GlMff0c_8big_bits8bit_nums6bitintxINtNtNtCskzPJi2J8k3N_4core3ops5arith3RemNtB6_6BitIntE3rem
FNDA:0,_RNvXs1C_NtNtCsjI26GlMff0c_8big_bits8bit_nums6bitintxINtNtNtCskzPJi2J8k3N_4core3ops5arith3RemRNtB6_6BitIntE3rem
FNDA:0,_RNvXs1_NtNtCsjI26GlMff0c_8big_bits8bit_nums6traitsNtB5_8SmallBufINtNtCskzPJi2J8k3N_4core7convert7TryFromRSyE8try_from
FNDA:0,_RNvXs1a_NtNtCsjI26GlMff0c_8big_bits8bit_nums7ubitintoINtNtCskzPJi2J8k3N_4core3cmp10PartialOrdNtB6_7UBitIntE11partial_cmp
FNDA:0,_RNvXs1b_NtNtCsjI26GlMff0c_8big_bits8bit_nums7ubitintyINtNtCskzPJi2J8k3N_4core3cmp9PartialEqNtB6_7UBitIntE2eq
FNDA:0,_RNvXs1c_NtNtCsjI26GlMff0c_8big_bits8bit_nums7ubitintyINtNtCskzPJi2J8k3N_4core3cmp10PartialOrdNtB6_7UBitIntE11partial_cmp
FNDA:0,_RNvXs1d_NtNtCsjI26GlMff0c_8big_bits8bit_nums7ubitintoINtNtNtCskzPJi2J8k3N_4core3ops5arith3AddNtB6_7UBitIntE3add
FNDA:0,_RNvXs1e_NtNtCsjI26GlMff0c_8big_bits8bit_nums7ubitintoINtNtNtCskzPJi2J8k3N_4core3ops5arith3AddRNtB6_7UBitIntE3add
FNDA:0,_RNvXs1f_NtNtCsjI26GlMff0c_8big_bits8bit_nums6bitintnINtNtCskzPJi2J8k3N_4core3cmp9PartialEqNtB6_6BitIntE2eq
FNDA:0,_RNvXs1f_NtNtCsjI26GlMff0c_8big_bits8bit_nums7ubitintyINtNtNtCskzPJi2J8k3N_4core3ops5arith3AddNtB6_7UBitIntE3add
FNDA:0,_RNvXs1g_NtNtCsjI26GlMff0c_8big_bits8bit_nums6bitintnINtNtCskzPJi2J8k3N_4core3cmp10PartialOrdNtB6_6BitIntE11partial_cmp
FNDA:0,_RNvXs1g_NtNtCsjI26GlMff0c_8big_bits8bit_nums7ubitintyINtNtNtCskzPJi2J8k3N_4core3ops5arith3AddRNtB6_7UBitIntE3add
FNDA:0,_RNvXs1h_NtNtCsjI26GlMff0c_8big_bits8bit_nums6bitintxINtNtCskzPJi2J8k3N_4core3cmp9PartialEqNtB6_6BitIntE2eq
FNDA:0,_RNvXs1i_NtNtCsjI26GlMff0c_8big_bits8bit_nums6bitintxINtNtCskzPJi2J8k3N_4core3cmp10PartialOrdNtB6_6BitIntE11partial_cmp
FNDA:0,_RNvXs1j_NtNtCsjI26GlMff0c_8big_bits8bit_nums6bitintnINtNtNtCskzPJi2J8k3N_4core3ops5arith3AddNtB6_6BitIntE3add
FNDA:0,_RNvXs1k_NtNtCsjI26GlMff0c_8big_bits8bit_nums6bitintnINtNtNtCskzPJi2J8k3N_4core3ops5arith3AddRNtB6_6BitIntE3add
FNDA:0,_RNvXs1l_NtNtCsjI26GlMff0c_8big_bits8bit_nums6bitintxINtNtNtCskzPJi2J8k3N_4core3ops5arith3AddNtB6_6BitIntE3add
FNDA:0,_RNvXs1l_NtNtCsjI26GlMff0c_8big_bits8bit_nums7ubitintoINtNtNtCskzPJi2J8k3N_4core3ops5arith3MulNtB6_7UBitIntE3mul
FNDA:0,_RNvXs1m_NtNtCsjI26GlMff0c_8big_bits8bit_nums6bitintxINtNtNtCskzPJi2J8k3N_4core3ops5arith3AddRNtB6_6BitIntE3add
FNDA:0,_RNvXs1m_NtNtCsjI26GlMff0c_8big_bits8bit_nums7ubitintoINtNtNtCskzPJi2J8k3N_4core3ops5arith3MulRNtB6_7UBitIntE3mul
FNDA:0,_RNvXs1n_NtNtCsjI26GlMff0c_8big_bits8bit_nums6bitintnINtNtNtCskzPJi2J8k3N_4core3ops5arith3SubNtB6_6BitIntE3sub
FNDA:0,_RNvXs1n_NtNtCsjI26GlMff0c_8big_bits8bit_nums7ubitintyINtNtNtCskzPJi2J8k3N_4core3ops5arith3MulNtB6_7UBitIntE3mul
FNDA:0,_RNvXs1o_NtNtCsjI26GlMff0c_8big_bits8bit_nums6bitintnINtNtNtCskzPJi2J8k3N_4core3ops5arith3SubRNtB6_6BitIntE3sub
FNDA:0,_RNvXs1o_NtNtCsjI26GlMff0c_8big_bits8bit_nums7ubitintyINtNtNtCskzPJi2J8k3N_4core3ops5arith3MulRNtB6_7UBitIntE3mul
FNDA:0,_RNvXs1p_NtNtCsjI26GlMff0c_8big_bits8bit_nums6bitintxINtNtNtCskzPJi2J8k3N_4core3ops5arith3SubNtB6_6BitIntE3sub
FNDA:0,_RNvXs1p_NtNtCsjI26GlMff0c_8big_bits8bit_nums7ubitintoINtNtNtCskzPJi2J8k3N_4core3ops5arith3DivNtB6_7UBitIntE3div
FNDA:0,_RNvXs1q_NtNtCsjI26GlMff0c_8big_bits8bit_nums6bitintxINtNtNtCskzPJi2J8k3N_4core3ops5arith3SubRNtB6_6BitIntE3sub
FNDA:0,_RNvXs1q_NtNtCsjI26GlMff0c_8big_bits8bit_nums7ubitintoINtNtNtCskzPJi2J8k3N_4core3ops5arith3DivRNtB6_7UBitIntE3div
FNDA:0,_RNvXs1r_NtNtCsjI26GlMff0c_8big_bits8bit_nums6bitintnINtNtNtCskzPJi2J8k3N_4core3ops5arith3MulNtB6_6BitIntE3mul
FNDA:0,_RNvXs1r_NtNtCsjI26GlMff0c_8big_bits8bit_nums7ubitintoINtNtNtCskzPJi2J8k3N_4core3ops5arith3RemNtB6_7UBitIntE3rem
FNDA:0,_RNvXs1s_NtNtCsjI26GlMff0c_8big_bits8bit_nums6bitintnINtNtNtCskzPJi2J8k3N_4core3ops5arith3MulRNtB6_6BitIntE3mul
FNDA:0,_RNvXs1s_NtNtCsjI26GlMff0c_8big_bits8bit_nums7ubitintoINtNtNtCskzPJi2J8k3N_4core3ops5arith3RemRNtB6_7UBitIntE3rem
FNDA:0,_RNvXs1t_NtNtCsjI26GlMff0c_8big_bits8bit_nums6bitintxINtNtNtCskzPJi2J8k3N_4core3ops5arith3MulNtB6_6BitIntE3mul
FNDA:0,_RNvXs1t_NtNtCsjI26GlMff0c_8big_bits8bit_nums7ubitintyINtNtNtCskzPJi2J8k3N_4core3ops5arith3DivNtB6_7UBitIntE3div
FNDA:0,_RNvXs1u_NtNtCsjI26GlMff0c_8big_bits8bit_nums6bitintxINtNtNtCskzPJi2J8k3N_4core3ops5arith3MulRNtB6_6BitIntE3mul
FNDA:0,_RNvXs1u_NtNtCsjI26GlMff0c_8big_bits8bit_nums7ubitintyINtNtNtCskzPJi2J8k3N_4core3ops5arith3DivRNtB6_7UBitIntE3div
FNDA:0,_RNvXs1v_NtNtCsjI26GlMff0c_8big_bits8bit_nums6bitintnINtNtNtCskzPJi2J8k3N_4core3ops5arith3DivNtB6_6BitIntE3div
FNDA:0,_RNvXs1v_NtNtCsjI26GlMff0c_8big_bits8bit_nums7ubitintyINtNtNtCskzPJi2J8k3N_4core3ops5arith3RemNtB6_7UBitIntE3rem
FNDA:0,_RNvXs1w_NtNtCsjI26GlMff0c_8big_bits8bit_nums6bitintnINtNtNtCskzPJi2J8k3N_4core3ops5arith3DivRNtB6_6BitIntE3div
FNDA:0,_RNvXs1w_NtNtCsjI26GlMff0c_8big_bits8bit_nums7ubitintyINtNtNtCskzPJi2J8k3N_4core3ops5arith3RemRNtB6_7UBitIntE3rem
FNDA:0,_RNvXs1x_NtNtCsjI26GlMff0c_8big_bits8bit_nums6bitintnINtNtNtCskzPJi2J8k3N_4core3ops5arith3RemNtB6_6BitIntE3rem
FNDA:0,_RNvXs1y_NtNtCsjI26GlMff0c_8big_bits8bit_nums6bitintnINtNtNtCskzPJi2J8k3N_4core3ops5arith3RemRNtB6_6BitIntE3rem
FNDA:0,_RNvXs1z_NtNtCsjI26GlMff0c_8big_bits8bit_nums6bitintxINtNtNtCskzPJi2J8k3N_4core3ops5arith3DivNtB6_6BitIntE3div
FNDA:0,_RNvXs2_NtNtCsjI26GlMff0c_8big_bits8bit_nums6traitsNtB5_8SmallBufINtNtCskzPJi2J8k3N_4core7convert4FromoE4from
FNDA:0,_RNvXs3_NtNtCsjI26GlMff0c_8big_bits8bit_nums6traitsoINtNtCskzPJi2J8k3N_4core7convert4FromNtB5_8SmallBufE4from
FNDA:0,_RNvXs4_NtNtCsjI26GlMff0c_8big_bits8bit_nums6traitsNtB5_8SmallBufINtNtCskzPJi2J8k3N_4core7convert4FromyE4from
FNDA:0,_RNvXs5_NtNtCsjI26GlMff0c_8big_bits8bit_nums6traitsyINtNtCskzPJi2J8k3N_4core7convert7TryFromNtB5_8SmallBufE8try_from
FNDA:0,_RNvXs8_NtNtCsjI26GlMff0c_8big_bits8bit_nums6traitsnNtB5_1I4sign
FNDA:0,_RNvXs8_NtNtCsjI26GlMff0c_8big_bits8bit_nums6traitsnNtB5_1I8unsigned
FNDA:0,_RNvXs9_NtNtCsjI26GlMff0c_8big_bits8bit_nums6traitsxNtB5_1I4sign
FNDA:0,_RNvXs9_NtNtCsjI26GlMff0c_8big_bits8bit_nums6traitsxNtB5_1I8unsigned
FNDA:0,_RNvXs_NtNtCsjI26GlMff0c_8big_bits8bit_nums6traitsNtB4_8SmallBufNtNtNtCskzPJi2J8k3N_4core3ops5deref5Deref5deref
FNDA:0,_RNvXsb_NtNtCsjI26GlMff0c_8big_bits8bit_nums6traitsNtB5_3SEMINtNtCskzPJi2J8k3N_4core7convert4FromdE4from
FNDA:0,_RNvXsc_NtNtCsjI26GlMff0c_8big_bits8bit_nums6traitsNtB5_3SEMINtNtCskzPJi2J8k3N_4core7convert4FromfE4from
FNDA:0,_RNvXsd_NtNtCsjI26GlMff0c_8big_bits8bit_nums6traitsNtB5_3SEMINtNtCskzPJi2J8k3N_4core7convert4FromnE4from
FNDA:0,_RNvXse_NtNtCsjI26GlMff0c_8big_bits8bit_nums6traitsNtB5_3SEMINtNtCskzPJi2J8k3N_4core7convert4FromxE4from
FNDA:0,_RNvXsf_NtNtCsjI26GlMff0c_8big_bits8bit_nums6traitsdINtNtCskzPJi2J8k3N_4core7convert7TryFromNtB5_3SEME8try_from
FNDA:0,_RNvXsg_NtNtCsjI26GlMff0c_8big_bits8bit_nums6traitsfINtNtCskzPJi2J8k3N_4core7convert7TryFromNtB5_3SEME8try_from
FNDA:0,_RNvXsh_NtNtCsjI26GlMff0c_8big_bits8bit_nums6traitsnINtNtCskzPJi2J8k3N_4core7convert7TryFromNtB5_3SEME8try_from
FNDA:0,_RNvXsi_NtNtCsjI26GlMff0c_8big_bits8bit_nums6traitsxINtNtCskzPJi2J8k3N_4core7convert7TryFromNtB5_3SEME8try_from
FNF:33
FNH:0
DA:17,0
DA:18,0
DA:19,0
DA:24,0
DA:25,0
DA:26,0
DA:30,0
DA:31,0
DA:32,0
DA:43,0
DA:44,0
DA:45,0
DA:46,0
DA:47,0
DA:48,0
DA:49,0
DA:50,0
DA:51,0
DA:52,0
DA:53,0
DA:57,0
DA:58,0
DA:59,0
DA:60,0
DA:61,0
DA:62,0
DA:63,0
DA:65,0
DA:66,0
DA:67,0
DA:68,0
DA:69,0
DA:73,0
DA:74,0
DA:75,0
DA:79,0
DA:80,0
DA:81,0
DA:83,0
DA:84,0
DA:85,0
DA:86,0
DA:88,0
DA:93,0
DA:94,0
DA:95,0
DA:96,0
DA:97,0
DA:99,0
DA:101,0
DA:121,0
DA:122,0
DA:123,0
DA:124,0
DA:125,0
DA:126,0
DA:131,0
DA:132,0
DA:133,0
DA:134,0
DA:135,0
DA:136,0
DA:167,0
DA:168,0
DA:169,0
DA:170,0
DA:171,0
DA:173,0
DA:174,0
DA:175,0
DA:177,0
DA:178,0
DA:179,0
DA:180,0
DA:183,0
DA:184,0
DA:185,0
DA:189,0
DA:190,0
DA:191,0
DA:192,0
DA:193,0
DA:194,0
DA:195,0
DA:196,0
DA:197,0
DA:199,0
DA:200,0
DA:201,0
DA:202,0
DA:204,0
DA:205,0
DA:209,0
DA:210,0
DA:211,0
DA:212,0
DA:213,0
DA:215,0
DA:216,0
DA:217,0
DA:219,0
DA:220,0
DA:221,0
DA:222,0
DA:225,0
DA:226,0
DA:227,0
DA:231,0
DA:232,0
DA:233,0
DA:234,0
DA:235,0
DA:236,0
DA:237,0
DA:238,0
DA:239,0
DA:241,0
DA:242,0
DA:243,0
DA:244,0
DA:246,0
DA:247,0
DA:251,0
DA:252,0
DA:253,0
DA:254,0
DA:255,0
DA:256,0
DA:257,0
DA:258,0
DA:259,0
DA:262,0
DA:263,0
DA:265,0
DA:266,0
DA:269,0
DA:273,0
DA:274,0
DA:275,0
DA:276,0
DA:277,0
DA:278,0
DA:279,0
DA:280,0
DA:281,0
DA:282,0
DA:287,0
DA:288,0
DA:289,0
DA:290,0
DA:291,0
DA:292,0
DA:293,0
DA:294,0
DA:295,0
DA:296,0
DA:298,0
DA:299,0
DA:301,0
DA:302,0
DA:303,0
DA:304,0
DA:305,0
DA:306,0
DA:308,0
DA:309,0
DA:310,0
DA:311,0
DA:312,0
DA:313,0
DA:314,0
DA:315,0
DA:317,0
DA:318,0
DA:319,0
DA:321,0
DA:322,0
DA:324,0
DA:325,0
DA:330,0
DA:331,0
DA:332,0
DA:333,0
DA:334,0
DA:335,0
DA:336,0
DA:337,0
DA:338,0
DA:339,0
DA:341,0
DA:342,0
DA:344,0
DA:345,0
DA:346,0
DA:347,0
DA:348,0
DA:349,0
DA:351,0
DA:352,0
DA:353,0
DA:354,0
DA:355,0
DA:356,0
DA:358,0
DA:360,0
DA:361,0
DA:362,0
DA:364,0
DA:365,0
DA:367,0
DA:368,0
DA:370,0
DA:371,0
DA:376,0
DA:377,0
DA:378,0
DA:379,0
DA:381,0
DA:382,0
DA:383,0
DA:384,0
DA:386,0
DA:389,0
DA:390,0
DA:391,0
DA:392,0
DA:393,0
DA:394,0
DA:399,0
DA:400,0
DA:401,0
DA:402,0
DA:404,0
DA:405,0
DA:406,0
DA:407,0
DA:408,0
DA:409,0
DA:410,0
DA:491,0
DA:492,0
DA:493,0
DA:497,0
DA:498,0
DA:499,0
DA:506,0
DA:507,0
DA:508,0
DA:511,0
DA:512,0
DA:513,0
DA:528,0
DA:529,0
DA:530,0
DA:538,0
DA:539,0
DA:540,0
DA:551,0
DA:552,0
DA:553,0
DA:561,0
DA:562,0
DA:563,0
DA:571,0
DA:572,0
DA:573,0
DA:581,0
DA:582,0
DA:583,0
DA:598,0
DA:599,0
DA:601,0
DA:609,0
DA:610,0
DA:612,0
DA:616,0
DA:617,0
DA:619,0
BRF:0
BRH:0
LF:278
LH:0
end_of_record
SF:/Users/aidansgarlato/Programing/Rust/BigBits/src/bit_nums/ubitint.rs
FN:92,_RNCNvXs4_NtNtCsjI26GlMff0c_8big_bits8bit_nums7ubitintNtB7_7UBitIntNtNtNtCskzPJi2J8k3N_4core3str6traits7FromStr8from_str0Bb_
FN:26,_RNvMNtNtCsjI26GlMff0c_8big_bits8bit_nums7ubitintNtB2_7UBitInt3one
FN:18,_RNvMNtNtCsjI26GlMff0c_8big_bits8bit_nums7ubitintNtB2_7UBitInt4make
FN:22,_RNvMNtNtCsjI26GlMff0c_8big_bits8bit_nums7ubitintNtB2_7UBitInt4zero
FN:30,_RNvMNtNtCsjI26GlMff0c_8big_bits8bit_nums7ubitintNtB2_7UBitInt7is_zero
FN:14,_RNvMNtNtCsjI26GlMff0c_8big_bits8bit_nums7ubitintNtB2_7UBitInt8get_data
FN:618,_RNvNtNtCsjI26GlMff0c_8big_bits8bit_nums7ubitint11div_rem_ubi
FN:476,_RNvNtNtCsjI26GlMff0c_8big_bits8bit_nums7ubitint12mul_ubi_prim
FN:456,_RNvNtNtCsjI26GlMff0c_8big_bits8bit_nums7ubitint13mul_ubi_prim2
FN:272,_RNvNtNtCsjI26GlMff0c_8big_bits8bit_nums7ubitint14add_assign_ubi
FN:500,_RNvNtNtCsjI26GlMff0c_8big_bits8bit_nums7ubitint14mul_assign_ubi
FN:299,_RNvNtNtCsjI26GlMff0c_8big_bits8bit_nums7ubitint7sub_ubi
FN:764,_RNvXININtNtCsjI26GlMff0c_8big_bits8bit_nums7ubitints10_0pERNtB5_7UBitIntINtNtNtCskzPJi2J8k3N_4core3ops5arith3RempE3remB9_
FN:775,_RNvXININtNtCsjI26GlMff0c_8big_bits8bit_nums7ubitints11_0pENtB5_7UBitIntINtNtNtCskzPJi2J8k3N_4core3ops5arith9DivAssignpE10div_assignB9_
FN:146,_RNvXININtNtCsjI26GlMff0c_8big_bits8bit_nums7ubitints7_0pENtB5_7UBitIntINtNtCskzPJi2J8k3N_4core3cmp9PartialEqpE2eqB9_
FN:158,_RNvXININtNtCsjI26GlMff0c_8big_bits8bit_nums7ubitints9_0pENtB5_7UBitIntINtNtCskzPJi2J8k3N_4core3cmp10PartialOrdpE11partial_cmpB9_
FN:707,_RNvXININtNtCsjI26GlMff0c_8big_bits8bit_nums7ubitintsV_0pEpINtNtB7_6traits6DivRemNtB5_7UBitIntE7div_remB9_
FN:721,_RNvXININtNtCsjI26GlMff0c_8big_bits8bit_nums7ubitintsW_0pEpINtNtB7_6traits6DivRemRNtB5_7UBitIntE7div_remB9_
FN:734,_RNvXININtNtCsjI26GlMff0c_8big_bits8bit_nums7ubitintsX_0pENtB5_7UBitIntINtNtNtCskzPJi2J8k3N_4core3ops5arith3DivpE3divB9_
FN:744,_RNvXININtNtCsjI26GlMff0c_8big_bits8bit_nums7ubitintsY_0pERNtB5_7UBitIntINtNtNtCskzPJi2J8k3N_4core3ops5arith3DivpE3divB9_
FN:754,_RNvXININtNtCsjI26GlMff0c_8big_bits8bit_nums7ubitintsZ_0pENtB5_7UBitIntINtNtNtCskzPJi2J8k3N_4core3ops5arith3RempE3remB9_
FN:36,_RNvXININtNtCsjI26GlMff0c_8big_bits8bit_nums7ubitints_0pENtB5_7UBitIntINtNtCskzPJi2J8k3N_4core7convert4FrompE4fromB9_
FN:239,_RNvXININtNtCsjI26GlMff0c_8big_bits8bit_nums7ubitintsg_0pENtB5_7UBitIntINtNtNtCskzPJi2J8k3N_4core3ops5arith3AddpE3addB9_
FN:254,_RNvXININtNtCsjI26GlMff0c_8big_bits8bit_nums7ubitintsh_0pERNtB5_7UBitIntINtNtNtCskzPJi2J8k3N_4core3ops5arith3AddpE3addB9_
FN:294,_RNvXININtNtCsjI26GlMff0c_8big_bits8bit_nums7ubitintsk_0pENtB5_7UBitIntINtNtNtCskzPJi2J8k3N_4core3ops5arith9AddAssignpE10add_assignB9_
FN:352,_RNvXININtNtCsjI26GlMff0c_8big_bits8bit_nums7ubitintsp_0pENtB5_7UBitIntINtNtNtCskzPJi2J8k3N_4core3ops5arith3SubpE3subB9_
FN:362,_RNvXININtNtCsjI26GlMff0c_8big_bits8bit_nums7ubitintsq_0pERNtB5_7UBitIntINtNtNtCskzPJi2J8k3N_4core3ops5arith3SubpE3subB9_
FN:406,_RNvXININtNtCsjI26GlMff0c_8big_bits8bit_nums7ubitintst_0pENtB5_7UBitIntINtNtNtCskzPJi2J8k3N_4core3ops5arith9SubAssignpE10sub_assignB9_
FN:45,_RNvXs0_NtNtCsjI26GlMff0c_8big_bits8bit_nums7ubitintoINtNtCskzPJi2J8k3N_4core7convert7TryFromNtB5_7UBitIntE8try_from
FN:781,_RNvXs12_NtNtCsjI26GlMff0c_8big_bits8bit_nums7ubitintNtB6_7UBitIntNtNtNtCskzPJi2J8k3N_4core3ops5arith9RemAssign10rem_assign
FN:789,_RNvXs13_NtNtCsjI26GlMff0c_8big_bits8bit_nums7ubitintNtB6_7UBitIntINtNtNtCskzPJi2J8k3N_4core3ops5arith9RemAssignRBO_E10rem_assign
FN:798,_RNvXs14_NtNtCsjI26GlMff0c_8big_bits8bit_nums7ubitintNtB6_7UBitIntINtNtB8_6traits4PowIjE4powi
FN:808,_RNvXs15_NtNtCsjI26GlMff0c_8big_bits8bit_nums7ubitintNtB6_7UBitIntNtNtB8_6traits4LogI10ilog2pow64
FN:825,_RNvXs15_NtNtCsjI26GlMff0c_8big_bits8bit_nums7ubitintNtB6_7UBitIntNtNtB8_6traits4LogI4ilog
FN:816,_RNvXs15_NtNtCsjI26GlMff0c_8big_bits8bit_nums7ubitintNtB6_7UBitIntNtNtB8_6traits4LogI5ilog2
FN:52,_RNvXs1_NtNtCsjI26GlMff0c_8big_bits8bit_nums7ubitintoINtNtCskzPJi2J8k3N_4core7convert7TryFromRNtB5_7UBitIntE8try_from
FN:375,_RNvXs1h_NtNtCsjI26GlMff0c_8big_bits8bit_nums7ubitintoINtNtNtCskzPJi2J8k3N_4core3ops5arith3SubNtB6_7UBitIntE3sub
FN:382,_RNvXs1i_NtNtCsjI26GlMff0c_8big_bits8bit_nums7ubitintoINtNtNtCskzPJi2J8k3N_4core3ops5arith3SubRNtB6_7UBitIntE3sub
FN:375,_RNvXs1j_NtNtCsjI26GlMff0c_8big_bits8bit_nums7ubitintyINtNtNtCskzPJi2J8k3N_4core3ops5arith3SubNtB6_7UBitIntE3sub
FN:382,_RNvXs1k_NtNtCsjI26GlMff0c_8big_bits8bit_nums7ubitintyINtNtNtCskzPJi2J8k3N_4core3ops5arith3SubRNtB6_7UBitIntE3sub
FN:59,_RNvXs2_NtNtCsjI26GlMff0c_8big_bits8bit_nums7ubitintyINtNtCskzPJi2J8k3N_4core7convert7TryFromNtB5_7UBitIntE8try_from
FN:66,_RNvXs3_NtNtCsjI26GlMff0c_8big_bits8bit_nums7ubitintyINtNtCskzPJi2J8k3N_4core7convert7TryFromRNtB5_7UBitIntE8try_from
FN:73,_RNvXs4_NtNtCsjI26GlMff0c_8big_bits8bit_nums7ubitintNtB5_7UBitIntNtNtNtCskzPJi2J8k3N_4core3str6traits7FromStr8from_str
FN:110,_RNvXs5_NtNtCsjI26GlMff0c_8big_bits8bit_nums7ubitintNtB5_7UBitIntNtNtCskzPJi2J8k3N_4core3fmt7Display3fmt
FN:140,_RNvXs6_NtNtCsjI26GlMff0c_8big_bits8bit_nums7ubitintNtB5_7UBitIntNtNtCskzPJi2J8k3N_4core3cmp9PartialEq2eq
FN:152,_RNvXs8_NtNtCsjI26GlMff0c_8big_bits8bit_nums7ubitintNtB5_7UBitIntNtNtCskzPJi2J8k3N_4core3cmp10PartialOrd11partial_cmp
FN:486,_RNvXsA_NtNtCsjI26GlMff0c_8big_bits8bit_nums7ubitintNtB5_7UBitIntINtNtNtCskzPJi2J8k3N_4core3ops5arith3MulyE3mul
FN:493,_RNvXsB_NtNtCsjI26GlMff0c_8big_bits8bit_nums7ubitintRNtB5_7UBitIntINtNtNtCskzPJi2J8k3N_4core3ops5arith3MulyE3mul
FN:509,_RNvXsC_NtNtCsjI26GlMff0c_8big_bits8bit_nums7ubitintNtB5_7UBitIntNtNtNtCskzPJi2J8k3N_4core3ops5arith9MulAssign10mul_assign
FN:515,_RNvXsD_NtNtCsjI26GlMff0c_8big_bits8bit_nums7ubitintNtB5_7UBitIntINtNtNtCskzPJi2J8k3N_4core3ops5arith9MulAssignRBN_E10mul_assign
FN:521,_RNvXsE_NtNtCsjI26GlMff0c_8big_bits8bit_nums7ubitintNtB5_7UBitIntINtNtNtCskzPJi2J8k3N_4core3ops5arith9MulAssignoE10mul_assign
FN:528,_RNvXsF_NtNtCsjI26GlMff0c_8big_bits8bit_nums7ubitintNtB5_7UBitIntINtNtNtCskzPJi2J8k3N_4core3ops5arith9MulAssignyE10mul_assign
FN:537,_RNvXsG_NtNtCsjI26GlMff0c_8big_bits8bit_nums7ubitintNtB5_7UBitIntNtNtB7_6traits3Sqr3sqr
FN:548,_RNvXsH_NtNtCsjI26GlMff0c_8big_bits8bit_nums7ubitintNtB5_7UBitIntINtNtNtCskzPJi2J8k3N_4core3ops3bit3ShljE3shl
FN:563,_RNvXsI_NtNtCsjI26GlMff0c_8big_bits8bit_nums7ubitintRNtB5_7UBitIntINtNtNtCskzPJi2J8k3N_4core3ops3bit3ShljE3shl
FN:577,_RNvXsJ_NtNtCsjI26GlMff0c_8big_bits8bit_nums7ubitintNtB5_7UBitIntINtNtNtCskzPJi2J8k3N_4core3ops3bit9ShlAssignjE10shl_assign
FN:590,_RNvXsK_NtNtCsjI26GlMff0c_8big_bits8bit_nums7ubitintNtB5_7UBitIntINtNtNtCskzPJi2J8k3N_4core3ops3bit3ShrjE3shr
FN:601,_RNvXsL_NtNtCsjI26GlMff0c_8big_bits8bit_nums7ubitintRNtB5_7UBitIntINtNtNtCskzPJi2J8k3N_4core3ops3bit3ShrjE3shr
FN:611,_RNvXsM_NtNtCsjI26GlMff0c_8big_bits8bit_nums7ubitintNtB5_7UBitIntINtNtNtCskzPJi2J8k3N_4core3ops3bit9ShrAssignjE10shr_assign
FN:628,_RNvXsN_NtNtCsjI26GlMff0c_8big_bits8bit_nums7ubitintNtB5_7UBitIntNtNtB7_6traits6DivRem7div_rem
FN:637,_RNvXsO_NtNtCsjI26GlMff0c_8big_bits8bit_nums7ubitintRNtB5_7UBitIntNtNtB7_6traits6DivRem7div_rem
FN:646,_RNvXsP_NtNtCsjI26GlMff0c_8big_bits8bit_nums7ubitintNtB5_7UBitIntINtNtB7_6traits6DivRemRBN_E7div_rem
FN:655,_RNvXsQ_NtNtCsjI26GlMff0c_8big_bits8bit_nums7ubitintRNtB5_7UBitIntINtNtB7_6traits6DivRemBO_E7div_rem
FN:664,_RNvXsR_NtNtCsjI26GlMff0c_8big_bits8bit_nums7ubitintNtB5_7UBitIntINtNtB7_6traits6DivRemoE7div_rem
FN:673,_RNvXsS_NtNtCsjI26GlMff0c_8big_bits8bit_nums7ubitintRNtB5_7UBitIntINtNtB7_6traits6DivRemoE7div_rem
FN:682,_RNvXsT_NtNtCsjI26GlMff0c_8big_bits8bit_nums7ubitintNtB5_7UBitIntINtNtB7_6traits6DivRemyE7div_rem
FN:693,_RNvXsU_NtNtCsjI26GlMff0c_8big_bits8bit_nums7ubitintRNtB5_7UBitIntINtNtB7_6traits6DivRemyE7div_rem
FN:168,_RNvXsb_NtNtCsjI26GlMff0c_8big_bits8bit_nums7ubitintNtB5_7UBitIntNtNtCskzPJi2J8k3N_4core3cmp3Ord3cmp
FN:175,_RNvXsc_NtNtCsjI26GlMff0c_8big_bits8bit_nums7ubitintNtB5_7UBitIntNtNtNtCskzPJi2J8k3N_4core3ops5arith3Add3add
FN:191,_RNvXsd_NtNtCsjI26GlMff0c_8big_bits8bit_nums7ubitintRNtB5_7UBitIntNtNtNtCskzPJi2J8k3N_4core3ops5arith3Add3add
FN:207,_RNvXse_NtNtCsjI26GlMff0c_8big_bits8bit_nums7ubitintNtB5_7UBitIntINtNtNtCskzPJi2J8k3N_4core3ops5arith3AddRBN_E3add
FN:223,_RNvXsf_NtNtCsjI26GlMff0c_8big_bits8bit_nums7ubitintRNtB5_7UBitIntINtNtNtCskzPJi2J8k3N_4core3ops5arith3AddBO_E3add
FN:282,_RNvXsi_NtNtCsjI26GlMff0c_8big_bits8bit_nums7ubitintNtB5_7UBitIntNtNtNtCskzPJi2J8k3N_4core3ops5arith9AddAssign10add_assign
FN:288,_RNvXsj_NtNtCsjI26GlMff0c_8big_bits8bit_nums7ubitintNtB5_7UBitIntINtNtNtCskzPJi2J8k3N_4core3ops5arith9AddAssignRBN_E10add_assign
FN:312,_RNvXsl_NtNtCsjI26GlMff0c_8big_bits8bit_nums7ubitintNtB5_7UBitIntNtNtNtCskzPJi2J8k3N_4core3ops5arith3Sub3sub
FN:322,_RNvXsm_NtNtCsjI26GlMff0c_8big_bits8bit_nums7ubitintRNtB5_7UBitIntNtNtNtCskzPJi2J8k3N_4core3ops5arith3Sub3sub
FN:332,_RNvXsn_NtNtCsjI26GlMff0c_8big_bits8bit_nums7ubitintNtB5_7UBitIntINtNtNtCskzPJi2J8k3N_4core3ops5arith3SubRBN_E3sub
FN:342,_RNvXso_NtNtCsjI26GlMff0c_8big_bits8bit_nums7ubitintRNtB5_7UBitIntINtNtNtCskzPJi2J8k3N_4core3ops5arith3SubBO_E3sub
FN:392,_RNvXsr_NtNtCsjI26GlMff0c_8big_bits8bit_nums7ubitintNtB5_7UBitIntNtNtNtCskzPJi2J8k3N_4core3ops5arith9SubAssign10sub_assign
FN:399,_RNvXss_NtNtCsjI26GlMff0c_8big_bits8bit_nums7ubitintNtB5_7UBitIntINtNtNtCskzPJi2J8k3N_4core3ops5arith9SubAssignRBN_E10sub_assign
FN:414,_RNvXsu_NtNtCsjI26GlMff0c_8big_bits8bit_nums7ubitintNtB5_7UBitIntNtNtNtCskzPJi2J8k3N_4core3ops5arith3Mul3mul
FN:425,_RNvXsv_NtNtCsjI26GlMff0c_8big_bits8bit_nums7ubitintRNtB5_7UBitIntNtNtNtCskzPJi2J8k3N_4core3ops5arith3Mul3mul
FN:436,_RNvXsw_NtNtCsjI26GlMff0c_8big_bits8bit_nums7ubitintNtB5_7UBitIntINtNtNtCskzPJi2J8k3N_4core3ops5arith3MulRBN_E3mul
FN:447,_RNvXsx_NtNtCsjI26GlMff0c_8big_bits8bit_nums7ubitintRNtB5_7UBitIntINtNtNtCskzPJi2J8k3N_4core3ops5arith3MulBO_E3mul
FN:464,_RNvXsy_NtNtCsjI26GlMff0c_8big_bits8bit_nums7ubitintNtB5_7UBitIntINtNtNtCskzPJi2J8k3N_4core3ops5arith3MuloE3mul
FN:471,_RNvXsz_NtNtCsjI26GlMff0c_8big_bits8bit_nums7ubitintRNtB5_7UBitIntINtNtNtCskzPJi2J8k3N_4core3ops5arith3MuloE3mul
FNDA:0,_RNCNvXs4_NtNtCsjI26GlMff0c_8big_bits8bit_nums7ubitintNtB7_7UBitIntNtNtNtCskzPJi2J8k3N_4core3str6traits7FromStr8from_str0Bb_
FNDA:0,_RNvMNtNtCsjI26GlMff0c_8big_bits8bit_nums7ubitintNtB2_7UBitInt3one
FNDA:0,_RNvMNtNtCsjI26GlMff0c_8big_bits8bit_nums7ubitintNtB2_7UBitInt4make
FNDA:0,_RNvMNtNtCsjI26GlMff0c_8big_bits8bit_nums7ubitintNtB2_7UBitInt4zero
FNDA:0,_RNvMNtNtCsjI26GlMff0c_8big_bits8bit_nums7ubitintNtB2_7UBitInt7is_zero
FNDA:0,_RNvMNtNtCsjI26GlMff0c_8big_bits8bit_nums7ubitintNtB2_7UBitInt8get_data
FNDA:0,_RNvNtNtCsjI26GlMff0c_8big_bits8bit_nums7ubitint11div_rem_ubi
FNDA:0,_RNvNtNtCsjI26GlMff0c_8big_bits8bit_nums7ubitint12mul_ubi_prim
FNDA:0,_RNvNtNtCsjI26GlMff0c_8big_bits8bit_nums7ubitint13mul_ubi_prim2
FNDA:0,_RNvNtNtCsjI26GlMff0c_8big_bits8bit_nums7ubitint14add_assign_ubi
FNDA:0,_RNvNtNtCsjI26GlMff0c_8big_bits8bit_nums7ubitint14mul_assign_ubi
FNDA:0,_RNvNtNtCsjI26GlMff0c_8big_bits8bit_nums7ubitint7sub_ubi
FNDA:0,_RNvXININtNtCsjI26GlMff0c_8big_bits8bit_nums7ubitints10_0pERNtB5_7UBitIntINtNtNtCskzPJi2J8k3N_4core3ops5arith3RempE3remB9_
FNDA:0,_RNvXININtNtCsjI26GlMff0c_8big_bits8bit_nums7ubitints11_0pENtB5_7UBitIntINtNtNtCskzPJi2J8k3N_4core3ops5arith9DivAssignpE10div_assignB9_
FNDA:0,_RNvXININtNtCsjI26GlMff0c_8big_bits8bit_nums7ubitints7_0pENtB5_7UBitIntINtNtCskzPJi2J8k3N_4core3cmp9PartialEqpE2eqB9_
FNDA:0,_RNvXININtNtCsjI26GlMff0c_8big_bits8bit_nums7ubitints9_0pENtB5_7UBitIntINtNtCskzPJi2J8k3N_4core3cmp10PartialOrdpE11partial_cmpB9_
FNDA:0,_RNvXININtNtCsjI26GlMff0c_8big_bits8bit_nums7ubitintsV_0pEpINtNtB7_6traits6DivRemNtB5_7UBitIntE7div_remB9_
FNDA:0,_RNvXININtNtCsjI26GlMff0c_8big_bits8bit_nums7ubitintsW_0pEpINtNtB7_6traits6DivRemRNtB5_7UBitIntE7div_remB9_
FNDA:0,_RNvXININtNtCsjI26GlMff0c_8big_bits8bit_nums7ubitintsX_0pENtB5_7UBitIntINtNtNtCskzPJi2J8k3N_4core3ops5arith3DivpE3divB9_
FNDA:0,_RNvXININtNtCsjI26GlMff0c_8big_bits8bit_nums7ubitintsY_0pERNtB5_7UBitIntINtNtNtCskzPJi2J8k3N_4core3ops5arith3DivpE3divB9_
FNDA:0,_RNvXININtNtCsjI26GlMff0c_8big_bits8bit_nums7ubitintsZ_0pENtB5_7UBitIntINtNtNtCskzPJi2J8k3N_4core3ops5arith3RempE3remB9_
FNDA:0,_RNvXININtNtCsjI26GlMff0c_8big_bits8bit_nums7ubitints_0pENtB5_7UBitIntINtNtCskzPJi2J8k3N_4core7convert4FrompE4fromB9_
FNDA:0,_RNvXININtNtCsjI26GlMff0c_8big_bits8bit_nums7ubitintsg_0pENtB5_7UBitIntINtNtNtCskzPJi2J8k3N_4core3ops5arith3AddpE3addB9_
[...]
FNDA:180,_RNvNtNtCsjI26GlMff0c_8big_bits5utils3mul9decompose
FNDA:180,_RNvNtNtCsjI26GlMff0c_8big_bits5utils3mul9fft_entry
FNDA:3015,_RNvNtNtCsjI26GlMff0c_8big_bits5utils3mul9is_school
FNDA:2255,_RNvNtNtCsjI26GlMff0c_8big_bits5utils3mul9kdispatch
FNDA:52,_RNvNtNtCsjI26GlMff0c_8big_bits5utils3mul9mul_prim2
FNDA:180,_RNvNtNtCsjI26GlMff0c_8big_bits5utils3mul9optimal_b
FNDA:180,_RNvNtNtCsjI26GlMff0c_8big_bits5utils3mul9recombine
FNDA:1,_RINvNtNtCsjI26GlMff0c_8big_bits5utils3mul10mul_staticKj10_EB6_
FNDA:1,_RINvNtNtCsjI26GlMff0c_8big_bits5utils3mul10mul_staticKj200_EB6_
FNDA:2,_RINvNtNtCsjI26GlMff0c_8big_bits5utils3mul10mul_staticKj2_EB6_
FNDA:1,_RINvNtNtCsjI26GlMff0c_8big_bits5utils3mul10mul_staticKj4_EB6_
FNDA:1,_RINvNtNtCsjI26GlMff0c_8big_bits5utils3mul10mul_staticKj8_EB6_
FNDA:1,_RINvNtNtCsjI26GlMff0c_8big_bits5utils3mul10sqr_staticKj10_EB6_
FNDA:0,_RINvNtNtCsjI26GlMff0c_8big_bits5utils3mul10sqr_staticKj2_EB6_
FNDA:3,_RINvNtNtCsjI26GlMff0c_8big_bits5utils3mul10sqr_staticKj4_EB6_
FNDA:2,_RINvNtNtCsjI26GlMff0c_8big_bits5utils3mul10sqr_staticKj8_EB6_
FNDA:0,_RINvNtNtCsjI26GlMff0c_8big_bits5utils3mul22karatsuba_entry_staticKj10_EB6_
FNDA:1,_RINvNtNtCsjI26GlMff0c_8big_bits5utils3mul22karatsuba_entry_staticKj200_EB6_
FNDA:0,_RINvNtNtCsjI26GlMff0c_8big_bits5utils3mul22karatsuba_entry_staticKj2_EB6_
FNDA:0,_RINvNtNtCsjI26GlMff0c_8big_bits5utils3mul22karatsuba_entry_staticKj4_EB6_
FNDA:0,_RINvNtNtCsjI26GlMff0c_8big_bits5utils3mul22karatsuba_entry_staticKj8_EB6_
FNDA:0,_RINvNtNtCsjI26GlMff0c_8big_bits5utils3mul26karatsuba_sqr_entry_staticKj10_EB6_
FNDA:0,_RINvNtNtCsjI26GlMff0c_8big_bits5utils3mul26karatsuba_sqr_entry_staticKj2_EB6_
FNDA:0,_RINvNtNtCsjI26GlMff0c_8big_bits5utils3mul26karatsuba_sqr_entry_staticKj4_EB6_
FNDA:0,_RINvNtNtCsjI26GlMff0c_8big_bits5utils3mul26karatsuba_sqr_entry_staticKj8_EB6_
FNDA:1,_RINvNtNtCsjI26GlMff0c_8big_bits5utils3mul7mul_arrKj10_EB6_
FNDA:1,_RINvNtNtCsjI26GlMff0c_8big_bits5utils3mul7mul_arrKj200_EB6_
FNDA:2,_RINvNtNtCsjI26GlMff0c_8big_bits5utils3mul7mul_arrKj2_EB6_
FNDA:1,_RINvNtNtCsjI26GlMff0c_8big_bits5utils3mul7sqr_arrKj10_EB6_
FNDA:2,_RINvNtNtCsjI26GlMff0c_8big_bits5utils3mul7sqr_arrKj4_EB6_
FNDA:1,_RINvNtNtCsjI26GlMff0c_8big_bits5utils3mul8powi_arrKj2_EB6_
FNDA:1,_RINvNtNtCsjI26GlMff0c_8big_bits5utils3mul8powi_arrKj4_EB6_
FNDA:1,_RINvNtNtCsjI26GlMff0c_8big_bits5utils3mul8powi_arrKj8_EB6_
FNDA:52,_RNCNCNvNtNtCsjI26GlMff0c_8big_bits5utils3mul13fft_sqr_entry00B9_
FNDA:34,_RNCNCNvNtNtCsjI26GlMff0c_8big_bits5utils3mul9fft_entry00B9_
FNDA:171,_RNCNvNtNtCsjI26GlMff0c_8big_bits5utils3mul13fft_sqr_entry0B7_
FNDA:180,_RNCNvNtNtCsjI26GlMff0c_8big_bits5utils3mul9fft_entry0B7_
FNF:68
FNH:65
DA:39,227
DA:42,227
DA:43,227
DA:44,227
DA:45,227
DA:46,227
DA:47,227
DA:48,227
DA:49,227
DA:50,227
DA:51,227
DA:52,227
DA:53,227
DA:54,227
DA:55,227
DA:58,227
DA:61,227
DA:67,227
DA:69,122
DA:70,122
DA:71,0
DA:72,122
DA:73,122
DA:74,2
DA:75,2
DA:76,120
DA:77,120
DA:78,347
DA:79,227
DA:80,227
DA:81,227
DA:82,227
DA:83,120
DA:84,122
DA:106,13606001
DA:107,13606001
DA:108,13606001
DA:109,13606001
DA:110,13606001
DA:111,13606001
DA:112,13606001
DA:113,13606001
DA:114,13606001
DA:115,13606001
DA:116,13606001
DA:117,13606001
DA:118,13606001
DA:119,13606001
DA:120,13606001
DA:121,13606001
DA:122,13606001
DA:125,13606001
DA:127,13606001
DA:131,13606001
DA:133,52
DA:134,52
DA:135,0
DA:136,52
DA:137,52
DA:138,1
DA:139,1
DA:140,51
DA:141,51
DA:142,51
DA:143,51
DA:145,51
DA:146,51
DA:147,51
DA:149,51
DA:150,51
DA:151,51
DA:152,51
DA:154,387
DA:155,387
DA:156,387
DA:157,387
DA:158,387
DA:159,387
DA:160,387
DA:161,387
DA:162,387
DA:163,387
DA:164,387
DA:165,387
DA:166,387
DA:167,387
DA:169,51
DA:170,51
DA:171,51
DA:172,51
DA:174,51
DA:175,51
DA:176,51
DA:178,51
DA:179,52
DA:181,1860
DA:182,1860
DA:183,1
DA:184,1859
DA:185,1859
DA:186,1859
DA:188,1859
DA:189,1859
DA:190,1859
DA:191,175970
DA:192,175970
DA:193,175970
DA:195,13604280
DA:196,13604280
DA:197,13604280
DA:198,13604280
DA:199,13604280
DA:200,175970
DA:202,175970
DA:203,175970
DA:204,175970
DA:207,1859
DA:208,1860
DA:222,636
DA:223,636
DA:224,636
DA:225,636
DA:226,636
DA:227,636
DA:228,636
DA:229,636
DA:230,636
DA:231,636
DA:234,636
DA:235,636
DA:236,636
DA:238,636
DA:239,636
DA:240,92
DA:241,92
DA:242,544
DA:244,636
DA:245,636
DA:246,84
DA:247,84
DA:248,552
DA:250,636
DA:253,636
DA:254,636
DA:255,636
DA:256,636
DA:258,636
DA:259,636
DA:260,636
DA:261,42
DA:262,594
DA:263,636
DA:264,0
DA:265,636
DA:267,636
DA:268,636
DA:270,24
DA:271,24
DA:272,24
DA:273,24
DA:274,24
DA:275,24
DA:276,24
DA:277,6
DA:278,18
DA:280,24
DA:281,24
DA:282,45
DA:283,45
DA:284,45
DA:285,45
DA:286,45
DA:288,24
DA:289,24
DA:290,24
DA:291,24
DA:292,24
DA:293,0
DA:294,24
DA:295,24
DA:296,24
DA:306,3015
DA:307,3015
DA:308,3015
DA:309,361
DA:311,2654
DA:312,2654
DA:313,2654
DA:314,2654
DA:316,3015
DA:318,2255
DA:319,2255
DA:320,0
DA:321,2255
DA:322,6
DA:323,2249
DA:324,1469
DA:325,780
DA:326,42
DA:328,738
DA:330,2255
DA:332,2011
DA:333,2011
DA:334,2011
DA:336,0
DA:337,0
DA:340,6
DA:341,6
DA:344,1390
DA:346,24
DA:347,591
DA:349,591
DA:350,591
DA:351,591
DA:352,2011
DA:354,244
DA:355,244
DA:356,79
DA:358,18
DA:359,18
DA:362,147
DA:363,147
DA:366,244
DA:368,78
DA:369,78
DA:370,78
DA:371,78
DA:372,78
DA:374,1
DA:375,1
DA:376,1
DA:377,1
DA:378,1
DA:379,1
DA:380,1
DA:381,1
DA:382,1
DA:385,0
DA:386,0
DA:387,0
DA:388,0
DA:389,0
DA:390,0
DA:391,0
DA:392,0
DA:393,0
DA:396,1
DA:424,86
DA:425,86
DA:426,86
DA:427,86
DA:428,86
DA:429,29190
DA:430,29190
DA:431,29190
DA:433,86
DA:434,86
DA:435,86
DA:436,86
DA:437,86
DA:438,86
DA:439,86
DA:440,86
DA:442,0
DA:443,0
DA:444,0
DA:446,0
DA:447,0
DA:449,0
DA:450,0
DA:451,0
DA:452,0
DA:453,0
DA:454,0
DA:456,0
DA:457,0
DA:458,0
DA:459,0
DA:460,0
DA:462,0
DA:464,0
DA:465,0
DA:466,0
DA:467,0
DA:468,0
DA:470,0
DA:471,0
DA:472,0
DA:474,0
DA:475,0
DA:476,0
DA:477,0
DA:478,0
DA:479,0
DA:480,0
DA:481,0
DA:482,0
DA:483,0
DA:484,0
DA:485,0
DA:488,0
DA:489,0
DA:490,0
DA:491,0
DA:492,0
DA:494,351
DA:495,351
DA:496,351
DA:498,0
DA:499,0
DA:500,0
DA:501,0
DA:502,0
DA:503,0
DA:504,0
DA:507,0
DA:508,0
DA:509,0
DA:510,0
DA:511,0
DA:512,0
DA:513,0
DA:514,0
DA:517,351
DA:532,141903
DA:533,141903
DA:534,5597
DA:535,136306
DA:536,136306
DA:537,87646
DA:538,87646
DA:539,87646
DA:540,41974
DA:541,45672
DA:542,87646
DA:543,48660
DA:544,48660
DA:545,48660
DA:546,48660
DA:547,48660
DA:548,48660
DA:549,0
DA:550,48660
DA:551,48660
DA:552,138161
DA:553,89502
DA:554,89502
DA:555,29630
DA:556,29630
DA:557,1
DA:558,29629
DA:559,59872
DA:560,89501
DA:562,48659
DA:563,141903
DA:565,3741
DA:567,3741
DA:568,3741
DA:571,173020
DA:572,173020
DA:573,173020
DA:574,173020
DA:575,173020
DA:576,173020
DA:577,173020
DA:579,180
DA:580,180
DA:581,180
DA:582,180
DA:583,86420
DA:584,86420
DA:585,86420
DA:586,86420
DA:587,86420
DA:588,86420
DA:589,86420
DA:590,86420
DA:591,86420
DA:592,180
DA:593,180
DA:594,180
DA:596,180
DA:597,180
DA:598,180
DA:599,180
DA:600,180
DA:601,180
DA:602,180
DA:603,180
DA:604,180
DA:605,180
DA:606,180
DA:607,180
DA:608,173200
DA:609,173200
DA:611,180
DA:613,6257
DA:614,6257
DA:615,0
DA:616,0
DA:617,6257
DA:618,6257
DA:619,6257
DA:620,6257
DA:622,180
DA:623,1985
DA:624,1985
DA:625,1985
DA:626,1985
DA:627,1985
DA:628,1985
DA:629,1985
DA:630,180
DA:631,1805
DA:633,0
DA:634,180
DA:636,424420
DA:637,424420
DA:638,424420
DA:639,424420
DA:640,405844
DA:642,18576
DA:643,18576
DA:645,424420
DA:647,180
DA:648,180
DA:649,180
DA:650,180
DA:652,162842
DA:653,162842
DA:654,162842
DA:655,162842
DA:656,162842
DA:657,162842
DA:658,162842
DA:659,16935
DA:660,16935
DA:661,16935
DA:662,16935
DA:663,16935
DA:664,16935
DA:665,16935
DA:666,180
DA:667,180
DA:669,351
DA:670,351
DA:671,351
DA:672,351
DA:673,351
DA:674,506791
DA:675,506777
DA:676,506777
DA:677,506777
DA:679,506777
DA:680,128008
DA:681,127671
DA:682,127671
DA:683,127671
DA:684,337
DA:686,127671
DA:687,127671
DA:688,378769
DA:690,357
DA:691,6
DA:692,6
DA:693,6
DA:694,6
DA:695,351
DA:696,351
DA:698,180
DA:699,180
DA:700,180
DA:701,180
DA:702,180
DA:703,180
DA:704,180
DA:705,180
DA:706,180
DA:707,180
DA:709,180
DA:710,180
DA:711,180
DA:712,180
DA:713,180
DA:714,180
DA:715,180
DA:716,180
DA:717,180
DA:718,180
DA:719,180
DA:720,180
DA:721,180
DA:722,180
DA:723,34
DA:724,146
DA:725,180
DA:726,180
DA:727,180
DA:728,180
DA:729,180
DA:730,180
DA:734,2698
DA:735,2698
DA:736,2698
DA:737,2698
DA:739,310
DA:741,310
DA:742,310
DA:743,310
DA:745,2388
DA:747,2388
DA:748,2388
DA:749,2388
DA:750,2388
DA:752,2698
DA:753,2698
DA:754,2698
DA:755,2698
DA:756,310
DA:758,2388
DA:760,2698
DA:769,452
DA:770,452
DA:771,109
DA:772,343
DA:773,41
DA:774,302
DA:775,44
DA:776,258
DA:777,78
DA:779,180
DA:781,452
DA:783,452
DA:784,452
DA:785,452
DA:786,0
DA:788,452
DA:789,0
DA:790,452
DA:791,452
DA:792,452
DA:794,109
DA:795,109
DA:798,41
DA:799,41
DA:801,44
DA:802,78
DA:803,180
DA:805,452
DA:807,375
DA:808,375
DA:809,375
DA:810,375
DA:811,375
DA:820,5
DA:821,5
DA:822,3
DA:823,2
DA:824,0
DA:825,2
DA:826,1
DA:828,1
DA:830,5
DA:832,6
DA:833,6
DA:834,1
DA:835,5
DA:836,5
DA:837,5
DA:839,3
DA:840,3
DA:843,0
DA:844,0
DA:846,1
DA:847,1
DA:849,6
DA:851,4
DA:852,4
DA:853,4
DA:854,3
DA:855,4
DA:888,6922
DA:889,6922
DA:890,6922
DA:891,6922
DA:892,6922
DA:893,6922
DA:894,6922
DA:895,6922
DA:896,6922
DA:897,6922
DA:898,6922
DA:899,6922
DA:900,6922
DA:901,6922
DA:902,6922
DA:903,6922
DA:904,6922
DA:905,6922
DA:906,6922
DA:907,6922
DA:908,6922
DA:909,6922
DA:910,6922
DA:911,6922
DA:912,6922
DA:913,6922
DA:916,6922
DA:918,6922
DA:922,6922
DA:924,179
DA:925,179
DA:926,0
DA:927,179
DA:928,179
DA:930,179
DA:931,179
DA:932,179
DA:934,179
DA:935,179
DA:936,179
DA:937,179
DA:938,179
DA:939,179
DA:940,179
DA:942,1366
DA:943,1366
DA:944,1366
DA:947,6922
DA:948,6922
DA:949,6922
DA:950,6922
DA:951,6922
DA:954,1366
DA:955,666
DA:956,666
DA:957,666
DA:958,666
DA:959,700
DA:961,1366
DA:962,1366
DA:963,1366
DA:964,1366
DA:967,179
DA:968,179
DA:970,10
DA:971,10
DA:972,10
DA:973,10
DA:974,10
DA:975,10
DA:976,10
DA:977,10
DA:980,10
DA:981,10
DA:982,10
DA:983,10
DA:984,4
DA:985,4
DA:986,6
DA:988,10
DA:991,10
DA:992,10
DA:994,10
DA:995,10
DA:997,10
DA:998,10
DA:999,10
DA:1000,6
DA:1001,6
DA:1002,10
DA:1003,0
DA:1004,10
DA:1006,10
DA:1007,10
DA:1009,30
DA:1010,30
DA:1011,24
DA:1012,6
DA:1013,6
DA:1014,6
DA:1015,6
DA:1016,30
DA:1018,12
DA:1019,12
DA:1020,8
DA:1021,8
DA:1023,4
DA:1025,12
DA:1027,4
DA:1028,4
DA:1029,4
DA:1030,4
DA:1031,4
DA:1032,4
DA:1033,4
DA:1035,0
DA:1036,0
DA:1037,0
DA:1038,0
DA:1039,0
DA:1040,0
DA:1041,0
DA:1043,0
DA:1044,0
DA:1046,0
DA:1049,82594
DA:1050,82594
DA:1051,82594
DA:1052,82594
DA:1053,82594
DA:1054,82594
DA:1055,82594
DA:1058,82765
DA:1059,82765
DA:1060,82765
DA:1062,171
DA:1063,171
DA:1064,171
DA:1065,41297
DA:1066,41297
DA:1067,41297
DA:1068,41297
DA:1069,41297
DA:1070,41297
DA:1071,41297
DA:1073,171
DA:1074,171
DA:1076,171
DA:1077,171
DA:1078,171
DA:1079,171
DA:1080,171
DA:1081,171
DA:1082,171
DA:1083,171
DA:1084,171
DA:1085,171
DA:1086,171
DA:1087,171
DA:1088,82936
DA:1089,82936
DA:1091,171
DA:1093,171
DA:1094,1756
DA:1095,1756
DA:1096,1756
DA:1097,1756
DA:1098,1756
DA:1099,1756
DA:1100,171
DA:1101,1585
DA:1103,0
DA:1104,171
DA:1106,171
DA:1107,171
DA:1108,171
DA:1109,40860
DA:1110,40860
DA:1111,40860
DA:1112,40860
DA:1113,40860
DA:1114,40860
DA:1115,40860
DA:1116,171
DA:1117,81
DA:1118,81
DA:1119,81
DA:1120,81
DA:1121,90
DA:1122,171
DA:1123,171
DA:1125,171
DA:1126,171
DA:1127,171
DA:1128,171
DA:1129,171
DA:1131,171
DA:1132,171
DA:1133,171
DA:1134,171
DA:1135,171
DA:1136,171
DA:1137,171
DA:1138,171
DA:1139,171
DA:1140,171
DA:1141,171
DA:1142,171
DA:1143,171
DA:1144,171
DA:1145,52
DA:1146,119
DA:1147,171
DA:1148,171
DA:1149,171
DA:1150,171
DA:1151,171
DA:1152,171
DA:1160,322
DA:1161,322
DA:1162,147
DA:1163,175
DA:1164,4
DA:1166,171
DA:1168,322
DA:1170,322
DA:1171,322
DA:1172,322
DA:1173,0
DA:1175,322
DA:1176,147
DA:1177,4
DA:1178,171
DA:1180,322
DA:1182,217
DA:1183,217
DA:1184,217
DA:1185,217
DA:1186,217
DA:1193,5
DA:1194,5
DA:1195,5
DA:1197,0
DA:1199,5
DA:1201,6
DA:1202,6
DA:1203,1
DA:1204,5
DA:1205,5
DA:1206,5
DA:1207,0
DA:1209,6
DA:1211,3
DA:1212,3
DA:1213,3
DA:1214,2
DA:1215,3
DA:1217,50
DA:1218,50
DA:1219,50
DA:1220,50
DA:1222,51
DA:1223,51
DA:1224,4
DA:1225,47
DA:1226,47
DA:1227,47
DA:1228,47
DA:1229,47
DA:1231,47
DA:1232,47
DA:1233,47
DA:1235,47
DA:1236,105
DA:1237,105
DA:1238,105
DA:1240,105
DA:1241,105
DA:1242,105
DA:1243,1
DA:1244,1
DA:1245,104
DA:1246,105
DA:1248,105
DA:1249,37
DA:1250,37
DA:1252,37
DA:1253,37
DA:1254,37
DA:1255,0
DA:1256,0
DA:1257,37
DA:1258,37
DA:1259,68
DA:1262,47
DA:1263,22
DA:1264,25
DA:1265,47
DA:1266,47
DA:1267,51
DA:1269,3
DA:1270,3
DA:1271,3
DA:1272,1
DA:1273,2
DA:1275,2
DA:1276,2
DA:1278,2
DA:1279,2
DA:1280,2
DA:1281,2
DA:1283,2
DA:1284,3
DA:1285,3
DA:1286,3
DA:1287,2
DA:1289,1
DA:1292,3
DA:1293,3
DA:1294,3
DA:1295,0
DA:1296,0
DA:1297,0
DA:1298,0
DA:1299,0
DA:1300,3
DA:1301,3
DA:1302,3
DA:1303,2
DA:1304,2
DA:1305,1
DA:1307,1
DA:1310,2
DA:1311,2
DA:1312,2
DA:1313,0
DA:1314,0
DA:1315,0
DA:1316,0
DA:1317,0
DA:1318,2
DA:1319,2
DA:1320,1
DA:1323,2
DA:1324,1
DA:1325,1
DA:1326,2
DA:1327,3
BRF:0
BRH:0
LF:933
LH:819
end_of_record
SF:/Users/aidansgarlato/Programing/Rust/BigBits/src/utils/utils.rs
FN:14,_RNvNtNtCsjI26GlMff0c_8big_bits5utils5utils7buf_len
FN:5,_RNvNtNtCsjI26GlMff0c_8big_bits5utils5utils7trim_lz
FN:96,_RNvNtNtCsjI26GlMff0c_8big_bits5utils5utils10signed_shlB5_
FN:105,_RNvNtNtCsjI26GlMff0c_8big_bits5utils5utils10signed_shrB5_
FN:173,_RNvNtNtCsjI26GlMff0c_8big_bits5utils5utils13add_asm_aarch
FN:292,_RNvNtNtCsjI26GlMff0c_8big_bits5utils5utils13dec_asm_aarch
FN:268,_RNvNtNtCsjI26GlMff0c_8big_bits5utils5utils13inc_asm_aarch
FN:198,_RNvNtNtCsjI26GlMff0c_8big_bits5utils5utils13sub_asm_aarch
FN:114,_RNvNtNtCsjI26GlMff0c_8big_bits5utils5utils3lsbB5_
FN:43,_RNvNtNtCsjI26GlMff0c_8big_bits5utils5utils6eq_buf
FN:315,_RNvNtNtCsjI26GlMff0c_8big_bits5utils5utils7add_asm
FN:366,_RNvNtNtCsjI26GlMff0c_8big_bits5utils5utils7add_bufB5_
FN:68,_RNvNtNtCsjI26GlMff0c_8big_bits5utils5utils7cmp_buf
FN:354,_RNvNtNtCsjI26GlMff0c_8big_bits5utils5utils7dec_asm
FN:419,_RNvNtNtCsjI26GlMff0c_8big_bits5utils5utils7dec_bufB5_
FN:341,_RNvNtNtCsjI26GlMff0c_8big_bits5utils5utils7inc_asm
FN:406,_RNvNtNtCsjI26GlMff0c_8big_bits5utils5utils7inc_bufB5_
FN:488,_RNvNtNtCsjI26GlMff0c_8big_bits5utils5utils7shl_asm
FN:498,_RNvNtNtCsjI26GlMff0c_8big_bits5utils5utils7shl_buf
FN:450,_RNvNtNtCsjI26GlMff0c_8big_bits5utils5utils7shr_asm
FN:460,_RNvNtNtCsjI26GlMff0c_8big_bits5utils5utils7shr_buf
FN:328,_RNvNtNtCsjI26GlMff0c_8big_bits5utils5utils7sub_asm
FN:386,_RNvNtNtCsjI26GlMff0c_8big_bits5utils5utils7sub_bufB5_
FN:431,_RNvNtNtCsjI26GlMff0c_8big_bits5utils5utils9twos_comp
FN:28,_RNvNtNtCsjI26GlMff0c_8big_bits5utils5utils10push_prim2
FN:39,_RNvNtNtCsjI26GlMff0c_8big_bits5utils5utils11combine_u64
FN:23,_RNvNtNtCsjI26GlMff0c_8big_bits5utils5utils4scmp
FN:48,_RNCNvNtNtCsjI26GlMff0c_8big_bits5utils5utils6eq_buf0B7_
FN:53,_RNCNvNtNtCsjI26GlMff0c_8big_bits5utils5utils6eq_bufs_0B7_
FN:15,_RNCNvNtNtCsjI26GlMff0c_8big_bits5utils5utils7buf_len0B7_
FN:73,_RNCNvNtNtCsjI26GlMff0c_8big_bits5utils5utils7cmp_buf0B7_
FN:78,_RNCNvNtNtCsjI26GlMff0c_8big_bits5utils5utils7cmp_bufs_0B7_
FN:6,_RNCNvNtNtCsjI26GlMff0c_8big_bits5utils5utils7trim_lz0B7_
FNDA:663,_RNvNtNtCsjI26GlMff0c_8big_bits5utils5utils7buf_len
FNDA:813,_RNvNtNtCsjI26GlMff0c_8big_bits5utils5utils7trim_lz
FNDA:19,_RNvNtNtCsjI26GlMff0c_8big_bits5utils5utils10signed_shlB5_
FNDA:19,_RNvNtNtCsjI26GlMff0c_8big_bits5utils5utils10signed_shrB5_
FNDA:2102,_RNvNtNtCsjI26GlMff0c_8big_bits5utils5utils13add_asm_aarch
FNDA:276,_RNvNtNtCsjI26GlMff0c_8big_bits5utils5utils13dec_asm_aarch
FNDA:445,_RNvNtNtCsjI26GlMff0c_8big_bits5utils5utils13inc_asm_aarch
FNDA:1384,_RNvNtNtCsjI26GlMff0c_8big_bits5utils5utils13sub_asm_aarch
FNDA:7,_RNvNtNtCsjI26GlMff0c_8big_bits5utils5utils3lsbB5_
FNDA:105,_RNvNtNtCsjI26GlMff0c_8big_bits5utils5utils6eq_buf
FNDA:2102,_RNvNtNtCsjI26GlMff0c_8big_bits5utils5utils7add_asm
FNDA:2103,_RNvNtNtCsjI26GlMff0c_8big_bits5utils5utils7add_bufB5_
FNDA:92,_RNvNtNtCsjI26GlMff0c_8big_bits5utils5utils7cmp_buf
FNDA:276,_RNvNtNtCsjI26GlMff0c_8big_bits5utils5utils7dec_asm
FNDA:24,_RNvNtNtCsjI26GlMff0c_8big_bits5utils5utils7dec_bufB5_
FNDA:445,_RNvNtNtCsjI26GlMff0c_8big_bits5utils5utils7inc_asm
FNDA:22,_RNvNtNtCsjI26GlMff0c_8big_bits5utils5utils7inc_bufB5_
FNDA:2301,_RNvNtNtCsjI26GlMff0c_8big_bits5utils5utils7shl_asm
FNDA:157,_RNvNtNtCsjI26GlMff0c_8big_bits5utils5utils7shl_buf
FNDA:2300,_RNvNtNtCsjI26GlMff0c_8big_bits5utils5utils7shr_asm
FNDA:155,_RNvNtNtCsjI26GlMff0c_8big_bits5utils5utils7shr_buf
FNDA:1384,_RNvNtNtCsjI26GlMff0c_8big_bits5utils5utils7sub_asm
FNDA:1384,_RNvNtNtCsjI26GlMff0c_8big_bits5utils5utils7sub_bufB5_
FNDA:13,_RNvNtNtCsjI26GlMff0c_8big_bits5utils5utils9twos_comp
FNDA:5,_RNvNtNtCsjI26GlMff0c_8big_bits5utils5utils10push_prim2
FNDA:56,_RNvNtNtCsjI26GlMff0c_8big_bits5utils5utils11combine_u64
FNDA:6,_RNvNtNtCsjI26GlMff0c_8big_bits5utils5utils4scmp
FNDA:6,_RNCNvNtNtCsjI26GlMff0c_8big_bits5utils5utils6eq_buf0B7_
FNDA:2,_RNCNvNtNtCsjI26GlMff0c_8big_bits5utils5utils6eq_bufs_0B7_
FNDA:934,_RNCNvNtNtCsjI26GlMff0c_8big_bits5utils5utils7buf_len0B7_
FNDA:4,_RNCNvNtNtCsjI26GlMff0c_8big_bits5utils5utils7cmp_buf0B7_
FNDA:3,_RNCNvNtNtCsjI26GlMff0c_8big_bits5utils5utils7cmp_bufs_0B7_
FNDA:918,_RNCNvNtNtCsjI26GlMff0c_8big_bits5utils5utils7trim_lz0B7_
FNF:33
FNH:33
DA:5,813
DA:6,918
DA:7,803
DA:8,803
DA:9,10
DA:10,10
DA:11,813
DA:14,663
DA:15,934
DA:16,660
DA:18,3
DA:20,663
DA:23,6
DA:24,6
DA:25,6
DA:28,5
DA:29,5
DA:30,4
DA:31,4
DA:32,4
DA:33,2
DA:34,2
DA:35,1
DA:36,5
DA:39,56
DA:40,56
DA:41,56
DA:43,105
DA:46,105
DA:48,6
DA:49,1
DA:50,4
DA:53,2
DA:54,0
DA:55,2
DA:57,98
DA:60,2561
DA:61,2561
DA:62,2
DA:63,2559
DA:65,102
DA:66,105
DA:68,92
DA:71,92
DA:73,4
DA:74,2
DA:75,2
DA:78,3
DA:79,1
DA:80,2
DA:82,85
DA:85,89
DA:86,88
DA:87,88
DA:88,83
DA:89,5
DA:92,6
DA:93,92
DA:96,19
DA:97,19
DA:98,1
DA:100,18
DA:102,19
DA:105,19
DA:106,19
DA:107,1
DA:109,18
DA:111,19
DA:114,7
DA:115,7
DA:116,2
DA:118,5
DA:120,7
DA:173,2102
DA:175,2102
DA:176,2102
DA:177,2102
DA:178,2102
DA:179,2102
DA:180,2102
DA:181,2102
DA:182,2102
DA:183,2102
DA:184,2102
DA:185,2102
DA:186,2102
DA:187,2102
DA:188,2102
DA:189,2102
DA:190,2102
DA:191,2102
DA:192,2102
DA:193,2102
DA:194,2102
DA:198,1384
DA:200,1384
DA:201,1384
DA:202,1384
DA:203,1384
DA:204,1384
DA:205,1384
DA:206,1384
DA:207,1384
DA:208,1384
DA:209,1384
DA:210,1384
DA:211,1384
DA:212,1384
DA:213,1384
DA:214,1384
DA:215,1384
DA:216,1384
DA:217,1384
DA:218,1384
DA:219,1384
DA:220,1384
DA:268,445
DA:270,445
DA:271,445
DA:272,445
DA:273,445
DA:274,445
DA:275,445
DA:276,445
DA:277,445
DA:278,445
DA:279,445
DA:280,445
DA:281,445
DA:282,445
DA:283,445
DA:284,445
DA:285,445
DA:286,445
DA:287,445
DA:288,445
DA:292,276
DA:294,276
DA:295,276
DA:296,276
DA:297,276
DA:298,276
DA:299,276
DA:300,276
DA:301,276
DA:302,276
DA:303,276
DA:304,276
DA:305,276
DA:306,276
DA:307,276
DA:308,276
DA:309,276
DA:310,276
DA:311,276
DA:312,276
DA:315,2102
DA:318,2102
DA:325,2102
DA:328,1384
DA:331,1384
DA:338,1384
DA:341,445
DA:344,445
DA:351,445
DA:354,276
DA:357,276
DA:363,276
DA:366,2103
DA:367,2103
DA:368,2103
DA:369,2103
DA:370,2103
DA:371,1
DA:372,2102
DA:373,2102
DA:374,2102
DA:377,2102
DA:378,2102
DA:379,423
DA:380,1679
DA:382,2102
DA:383,2103
DA:386,1384
DA:387,1384
DA:388,1384
DA:389,1384
DA:390,1384
DA:391,0
DA:392,1384
DA:393,1384
DA:394,1384
DA:397,1384
DA:398,1384
DA:399,252
DA:400,1132
DA:402,1384
DA:403,1384
DA:406,22
DA:407,22
DA:408,22
DA:409,0
DA:410,22
DA:412,22
DA:414,22
DA:416,22
DA:419,24
DA:420,24
DA:421,24
DA:422,0
DA:423,24
DA:425,24
DA:427,24
DA:429,24
DA:431,13
DA:432,39
DA:433,39
DA:434,39
DA:435,13
DA:436,13
DA:450,2300
DA:453,2300
DA:458,2300
DA:460,155
DA:461,155
DA:462,61
DA:463,94
DA:464,94
DA:465,94
DA:466,2300
DA:467,2300
DA:468,2300
DA:469,2300
DA:470,2300
DA:472,94
DA:473,94
DA:474,155
DA:488,2301
DA:491,2301
DA:496,2301
DA:498,157
DA:499,157
DA:500,61
DA:501,96
DA:502,96
DA:503,96
DA:504,2301
DA:505,2301
DA:506,2301
DA:508,96
DA:509,96
DA:510,157
BRF:0
BRH:0
LF:258
LH:254
end_of_record